16:38:43 **** Incremental Build of configuration Debug for project itg3200 ****
make all 
'Building file: ../src/itg3200.c'
'Invoking: GCC C Compiler 4 [arm-linux-gnueabihf]'
arm-linux-gnueabihf-gcc -I"C:\altera\16.0\embedded\ip\altera\hps\altera_hps\hwlib\include" -I"H:\Git\template_speedy\hps_workspace\itg3200\actuators" -O0 -g -Wall -c -fmessage-length=0 -Dsoc_cv_av -MMD -MP -MF"src/itg3200.d" -MT"src/itg3200.d" -o "src/itg3200.o" "../src/itg3200.c"
'Finished building: ../src/itg3200.c'
' '
'Building target: itg3200'
'Invoking: GCC C Linker 4 [arm-linux-gnueabihf]'
arm-linux-gnueabihf-gcc  -o "itg3200"  ./src/itg3200.o ./src/main.o  ./actuators/i2c.o   
'Finished building target: itg3200'
' '
15:58:09 **** Build of configuration Debug for project TPA81 ****
make all 
'Building file: ../src/tpa81.c'
'Invoking: GCC C Compiler 4 [arm-linux-gnueabihf]'
arm-linux-gnueabihf-gcc -I"C:\altera\16.0\embedded\ip\altera\hps\altera_hps\hwlib\include" -I"H:\Git\template_speedy\hps_workspace\TPA81\actuators" -O0 -g -Wall -c -fmessage-length=0 -Dsoc_cv_av -MMD -MP -MF"src/tpa81.d" -MT"src/tpa81.d" -o "src/tpa81.o" "../src/tpa81.c"
'Finished building: ../src/tpa81.c'
' '
'Building target: TPA81'
'Invoking: GCC C Linker 4 [arm-linux-gnueabihf]'
arm-linux-gnueabihf-gcc  -o "TPA81"  ./src/main.o ./src/tpa81.o  ./actuators/i2c.o   
'Finished building target: TPA81'
' '
15:58:12 **** Build of configuration Debug for project gsensor ****
make all 
make: Nothing to be done for 'all'.
15:58:13 **** Build of configuration Debug for project gsensor_altera ****
make all 
make: Nothing to be done for 'all'.
15:58:14 **** Build of configuration Debug for project hmc6343 ****
make all 
'Building file: ../src/hmc6343.c'
'Invoking: GCC C Compiler 4 [arm-linux-gnueabihf]'
arm-linux-gnueabihf-gcc -I"C:\altera\16.0\embedded\ip\altera\hps\altera_hps\hwlib\include" -I"H:\Git\template_speedy\hps_workspace\hmc6343\actuators" -O0 -g -Wall -c -fmessage-length=0 -Dsoc_cv_av -MMD -MP -MF"src/hmc6343.d" -MT"src/hmc6343.d" -o "src/hmc6343.o" "../src/hmc6343.c"
'Finished building: ../src/hmc6343.c'
' '
'Building target: hmc6343'
'Invoking: GCC C Linker 4 [arm-linux-gnueabihf]'
arm-linux-gnueabihf-gcc  -o "hmc6343"  ./src/hmc6343.o ./src/main.o  ./actuators/i2c.o   
'Finished building target: hmc6343'
' '
15:58:15 **** Build of configuration Debug for project i2c ****
make all 
'Building file: ../src/i2c.c'
'Invoking: GCC C Compiler 4 [arm-linux-gnueabihf]'
arm-linux-gnueabihf-gcc -I"C:\altera\16.0\embedded\ip\altera\hps\altera_hps\hwlib\include" -O0 -g -Wall -c -fmessage-length=0 -Dsoc_cv_av -MMD -MP -MF"src/i2c.d" -MT"src/i2c.d" -o "src/i2c.o" "../src/i2c.c"
'Finished building: ../src/i2c.c'
' '
'Building target: i2c'
'Invoking: GCC C Linker 4 [arm-linux-gnueabihf]'
arm-linux-gnueabihf-gcc  -o "i2c"  ./src/i2c.o ./src/main.o   
'Finished building target: i2c'
' '
15:58:16 **** Build of configuration Debug for project itg3200 ****
make all 
'Building file: ../src/itg3200.c'
'Invoking: GCC C Compiler 4 [arm-linux-gnueabihf]'
arm-linux-gnueabihf-gcc -I"C:\altera\16.0\embedded\ip\altera\hps\altera_hps\hwlib\include" -I"H:\Git\template_speedy\hps_workspace\itg3200\actuators" -O0 -g -Wall -c -fmessage-length=0 -Dsoc_cv_av -MMD -MP -MF"src/itg3200.d" -MT"src/itg3200.d" -o "src/itg3200.o" "../src/itg3200.c"
'Finished building: ../src/itg3200.c'
' '
'Building target: itg3200'
'Invoking: GCC C Linker 4 [arm-linux-gnueabihf]'
arm-linux-gnueabihf-gcc  -o "itg3200"  ./src/itg3200.o ./src/main.o  ./actuators/i2c.o   
'Finished building target: itg3200'
' '
15:58:17 **** Build of configuration Debug for project laser ****
make all 
make: Nothing to be done for 'all'.
15:58:18 **** Clean-only build of configuration Debug for project lcd ****
make clean 
clean   ./src/lcd.o ./src/main.o  ./actuators/i2c.o   ./src/lcd.d ./src/main.d  ./actuators/i2c.d  lcd 
' '
15:58:18 **** Build of configuration Debug for project lcd ****
make all 
'Building file: ../src/lcd.c'
'Invoking: GCC C Compiler 4 [arm-linux-gnueabihf]'
arm-linux-gnueabihf-gcc -I"C:\altera\16.0\embedded\ip\altera\hps\altera_hps\hwlib\include" -O0 -g -Wall -c -fmessage-length=0 -Dsoc_cv_av -MMD -MP -MF"src/lcd.d" -MT"src/lcd.d" -o "src/lcd.o" "../src/lcd.c"
In file included from ../src/lcd.c:18:0:
../src/lcd.h:21:17: fatal error: i2c.h: No such file or directory
src/subdir.mk:21: recipe for target 'src/lcd.o' failed
 #include "i2c.h"
                 ^
compilation terminated.
make: *** [src/lcd.o] Error 1
15:58:19 **** Build of configuration Debug for project max11613 ****
make all 
'Building file: ../src/max11613.c'
'Invoking: GCC C Compiler 4 [arm-linux-gnueabihf]'
arm-linux-gnueabihf-gcc -I"C:\altera\16.0\embedded\ip\altera\hps\altera_hps\hwlib\include" -I"H:\Git\template_speedy\hps_workspace\max11613\actuators" -O0 -g -Wall -c -fmessage-length=0 -Dsoc_cv_av -MMD -MP -MF"src/max11613.d" -MT"src/max11613.d" -o "src/max11613.o" "../src/max11613.c"
'Finished building: ../src/max11613.c'
' '
'Building target: max11613'
'Invoking: GCC C Linker 4 [arm-linux-gnueabihf]'
arm-linux-gnueabihf-gcc  -o "max11613"  ./src/main.o ./src/max11613.o  ./actuators/i2c.o   
'Finished building target: max11613'
' '
15:58:20 **** Build of configuration Debug for project saber ****
make all 
'Building file: ../src/main.c'
'Invoking: GCC C Compiler 4 [arm-linux-gnueabihf]'
arm-linux-gnueabihf-gcc -I"C:\altera\16.0\embedded\ip\altera\hps\altera_hps\hwlib\include" -O0 -g -Wall -c -fmessage-length=0 -Dsoc_cv_av -MMD -MP -MF"src/main.d" -MT"src/main.d" -o "src/main.o" "../src/main.c"
../src/main.c:18:25: fatal error: motor_modul.h: No such file or directory
src/subdir.mk:21: recipe for target 'src/main.o' failed
 #include "motor_modul.h"
                         ^
compilation terminated.
make: *** [src/main.o] Error 1
15:58:21 **** Build of configuration Debug for project srf ****
make all 
'Building file: ../src/srf08.c'
'Invoking: GCC C Compiler 4 [arm-linux-gnueabihf]'
arm-linux-gnueabihf-gcc -I"C:\altera\16.0\embedded\ip\altera\hps\altera_hps\hwlib\include" -I"H:\Git\template_speedy\hps_workspace\srf\actuators" -O0 -g -Wall -c -fmessage-length=0 -Dsoc_cv_av -MMD -MP -MF"src/srf08.d" -MT"src/srf08.d" -o "src/srf08.o" "../src/srf08.c"
'Finished building: ../src/srf08.c'
' '
'Building target: srf'
'Invoking: GCC C Linker 4 [arm-linux-gnueabihf]'
arm-linux-gnueabihf-gcc  -o "srf"  ./src/main.o ./src/srf08.o  ./actuators/i2c.o   
'Finished building target: srf'
' '
15:58:22 **** Build of configuration Debug for project template_speedy_de0_nano_soc ****
make all 
'Building file: ../sensors/hmc6343.c'
'Invoking: GCC C Compiler 4 [arm-linux-gnueabihf]'
arm-linux-gnueabihf-gcc -Dsoc_cv_av -I"H:\Git\template_speedy\hps_workspace\template_speedy_de0_nano_soc\actuators" -I"H:\Git\template_speedy\hps_workspace\template_speedy_de0_nano_soc\src" -I"H:\Git\template_speedy\hps_workspace\template_speedy_de0_nano_soc\sensors" -I"C:\altera\16.0\embedded\ip\altera\hps\altera_hps\hwlib\include" -O0 -g -Wall -c -fmessage-length=0 -MMD -MP -MF"sensors/hmc6343.d" -MT"sensors/hmc6343.d" -o "sensors/hmc6343.o" "../sensors/hmc6343.c"
'Finished building: ../sensors/hmc6343.c'
' '
'Building file: ../sensors/max11613.c'
'Invoking: GCC C Compiler 4 [arm-linux-gnueabihf]'
arm-linux-gnueabihf-gcc -Dsoc_cv_av -I"H:\Git\template_speedy\hps_workspace\template_speedy_de0_nano_soc\actuators" -I"H:\Git\template_speedy\hps_workspace\template_speedy_de0_nano_soc\src" -I"H:\Git\template_speedy\hps_workspace\template_speedy_de0_nano_soc\sensors" -I"C:\altera\16.0\embedded\ip\altera\hps\altera_hps\hwlib\include" -O0 -g -Wall -c -fmessage-length=0 -MMD -MP -MF"sensors/max11613.d" -MT"sensors/max11613.d" -o "sensors/max11613.o" "../sensors/max11613.c"
'Finished building: ../sensors/max11613.c'
' '
'Building file: ../sensors/srf08.c'
'Invoking: GCC C Compiler 4 [arm-linux-gnueabihf]'
arm-linux-gnueabihf-gcc -Dsoc_cv_av -I"H:\Git\template_speedy\hps_workspace\template_speedy_de0_nano_soc\actuators" -I"H:\Git\template_speedy\hps_workspace\template_speedy_de0_nano_soc\src" -I"H:\Git\template_speedy\hps_workspace\template_speedy_de0_nano_soc\sensors" -I"C:\altera\16.0\embedded\ip\altera\hps\altera_hps\hwlib\include" -O0 -g -Wall -c -fmessage-length=0 -MMD -MP -MF"sensors/srf08.d" -MT"sensors/srf08.d" -o "sensors/srf08.o" "../sensors/srf08.c"
../sensors/srf08.c: In function 'read_version_srf08':
../sensors/srf08.c:34:44: warning: value computed is not used [-Wunused-value]
  read_i2c(I2C_1, adresse_srf, &version, 1) != 1)
                                            ^
../sensors/srf08.c:34:48: error: expected ';' before ')' token
  read_i2c(I2C_1, adresse_srf, &version, 1) != 1)
                                                ^
../sensors/srf08.c:34:48: error: expected statement before ')' token
sensors/subdir.mk:39: recipe for target 'sensors/srf08.o' failed
make: *** [sensors/srf08.o] Error 1
15:58:24 **** Build of configuration Debug for project xbee ****
make all 
'Building file: ../src/main.c'
'Invoking: GCC C Compiler 4 [arm-linux-gnueabihf]'
arm-linux-gnueabihf-gcc -I"C:\altera\16.0\embedded\ip\altera\hps\altera_hps\hwlib\include" -O0 -g -Wall -c -fmessage-length=0 -Dsoc_cv_av -MMD -MP -MF"src/main.d" -MT"src/main.d" -o "src/main.o" "../src/main.c"
'Finished building: ../src/main.c'
' '
'Building file: ../src/xbee.c'
'Invoking: GCC C Compiler 4 [arm-linux-gnueabihf]'
arm-linux-gnueabihf-gcc -I"C:\altera\16.0\embedded\ip\altera\hps\altera_hps\hwlib\include" -O0 -g -Wall -c -fmessage-length=0 -Dsoc_cv_av -MMD -MP -MF"src/xbee.d" -MT"src/xbee.d" -o "src/xbee.o" "../src/xbee.c"
'Finished building: ../src/xbee.c'
' '
'Building target: xbee'
'Invoking: GCC C Linker 4 [arm-linux-gnueabihf]'
arm-linux-gnueabihf-gcc  -o "xbee"  ./src/main.o ./src/xbee.o   
'Finished building target: xbee'
' '
16:00:00 **** Incremental Build of configuration Debug for project TPA81 ****
make all 
make: Nothing to be done for 'all'.
16:00:01 **** Incremental Build of configuration Debug for project gsensor ****
make all 
make: Nothing to be done for 'all'.
16:00:01 **** Incremental Build of configuration Debug for project gsensor_altera ****
make all 
make: Nothing to be done for 'all'.
16:00:02 **** Incremental Build of configuration Debug for project hmc6343 ****
make all 
make: Nothing to be done for 'all'.
16:00:03 **** Incremental Build of configuration Debug for project i2c ****
make all 
make: Nothing to be done for 'all'.
16:00:03 **** Incremental Build of configuration Debug for project itg3200 ****
make all 
make: Nothing to be done for 'all'.
16:00:04 **** Incremental Build of configuration Debug for project laser ****
make all 
make: Nothing to be done for 'all'.
16:00:05 **** Incremental Build of configuration Debug for project lcd ****
make all 
'Building file: ../src/lcd.c'
'Invoking: GCC C Compiler 4 [arm-linux-gnueabihf]'
arm-linux-gnueabihf-gcc -I"C:\altera\16.0\embedded\ip\altera\hps\altera_hps\hwlib\include" -I"H:\Git\template_speedy\hps_workspace\lcd\actuators" -O0 -g -Wall -c -fmessage-length=0 -Dsoc_cv_av -MMD -MP -MF"src/lcd.d" -MT"src/lcd.d" -o "src/lcd.o" "../src/lcd.c"
'Finished building: ../src/lcd.c'
' '
'Building file: ../src/main.c'
'Invoking: GCC C Compiler 4 [arm-linux-gnueabihf]'
arm-linux-gnueabihf-gcc -I"C:\altera\16.0\embedded\ip\altera\hps\altera_hps\hwlib\include" -I"H:\Git\template_speedy\hps_workspace\lcd\actuators" -O0 -g -Wall -c -fmessage-length=0 -Dsoc_cv_av -MMD -MP -MF"src/main.d" -MT"src/main.d" -o "src/main.o" "../src/main.c"
'Finished building: ../src/main.c'
' '
'Building file: ../actuators/i2c.c'
'Invoking: GCC C Compiler 4 [arm-linux-gnueabihf]'
arm-linux-gnueabihf-gcc -I"C:\altera\16.0\embedded\ip\altera\hps\altera_hps\hwlib\include" -I"H:\Git\template_speedy\hps_workspace\lcd\actuators" -O0 -g -Wall -c -fmessage-length=0 -Dsoc_cv_av -MMD -MP -MF"actuators/i2c.d" -MT"actuators/i2c.d" -o "actuators/i2c.o" "../actuators/i2c.c"
'Finished building: ../actuators/i2c.c'
' '
'Building target: lcd'
'Invoking: GCC C Linker 4 [arm-linux-gnueabihf]'
arm-linux-gnueabihf-gcc  -o "lcd"  ./src/lcd.o ./src/main.o  ./actuators/i2c.o   
'Finished building target: lcd'
' '
16:00:07 **** Incremental Build of configuration Debug for project max11613 ****
make all 
make: Nothing to be done for 'all'.
16:00:07 **** Incremental Build of configuration Debug for project saber ****
make all 
'Building file: ../src/main.c'
'Invoking: GCC C Compiler 4 [arm-linux-gnueabihf]'
arm-linux-gnueabihf-gcc -I"C:\altera\16.0\embedded\ip\altera\hps\altera_hps\hwlib\include" -O0 -g -Wall -c -fmessage-length=0 -Dsoc_cv_av -MMD -MP -MF"src/main.d" -MT"src/main.d" -o "src/main.o" "../src/main.c"
In file included from ../src/main.c:18:0:
../src/motor_modul_mm.h:36:20: fatal error: system.h: No such file or directory
 #include <system.h>
                    ^
compilation terminated.
src/subdir.mk:21: recipe for target 'src/main.o' failed
make: *** [src/main.o] Error 1
16:00:08 **** Incremental Build of configuration Debug for project srf ****
make all 
make: Nothing to be done for 'all'.
16:00:09 **** Incremental Build of configuration Debug for project template_speedy_de0_nano_soc ****
make all 
'Building file: ../sensors/itg3200.c'
'Invoking: GCC C Compiler 4 [arm-linux-gnueabihf]'
arm-linux-gnueabihf-gcc -Dsoc_cv_av -I"H:\Git\template_speedy\hps_workspace\template_speedy_de0_nano_soc\actuators" -I"H:\Git\template_speedy\hps_workspace\template_speedy_de0_nano_soc\src" -I"H:\Git\template_speedy\hps_workspace\template_speedy_de0_nano_soc\sensors" -I"C:\altera\16.0\embedded\ip\altera\hps\altera_hps\hwlib\include" -O0 -g -Wall -c -fmessage-length=0 -MMD -MP -MF"sensors/itg3200.d" -MT"sensors/itg3200.d" -o "sensors/itg3200.o" "../sensors/itg3200.c"
'Finished building: ../sensors/itg3200.c'
' '
'Building file: ../sensors/srf08.c'
'Invoking: GCC C Compiler 4 [arm-linux-gnueabihf]'
arm-linux-gnueabihf-gcc -Dsoc_cv_av -I"H:\Git\template_speedy\hps_workspace\template_speedy_de0_nano_soc\actuators" -I"H:\Git\template_speedy\hps_workspace\template_speedy_de0_nano_soc\src" -I"H:\Git\template_speedy\hps_workspace\template_speedy_de0_nano_soc\sensors" -I"C:\altera\16.0\embedded\ip\altera\hps\altera_hps\hwlib\include" -O0 -g -Wall -c -fmessage-length=0 -MMD -MP -MF"sensors/srf08.d" -MT"sensors/srf08.d" -o "sensors/srf08.o" "../sensors/srf08.c"
'Finished building: ../sensors/srf08.c'
' '
'Building file: ../sensors/tpa81.c'
'Invoking: GCC C Compiler 4 [arm-linux-gnueabihf]'
arm-linux-gnueabihf-gcc -Dsoc_cv_av -I"H:\Git\template_speedy\hps_workspace\template_speedy_de0_nano_soc\actuators" -I"H:\Git\template_speedy\hps_workspace\template_speedy_de0_nano_soc\src" -I"H:\Git\template_speedy\hps_workspace\template_speedy_de0_nano_soc\sensors" -I"C:\altera\16.0\embedded\ip\altera\hps\altera_hps\hwlib\include" -O0 -g -Wall -c -fmessage-length=0 -MMD -MP -MF"sensors/tpa81.d" -MT"sensors/tpa81.d" -o "sensors/tpa81.o" "../sensors/tpa81.c"
'Finished building: ../sensors/tpa81.c'
' '
'Building file: ../actuators/i2c.c'
'Invoking: GCC C Compiler 4 [arm-linux-gnueabihf]'
arm-linux-gnueabihf-gcc -Dsoc_cv_av -I"H:\Git\template_speedy\hps_workspace\template_speedy_de0_nano_soc\actuators" -I"H:\Git\template_speedy\hps_workspace\template_speedy_de0_nano_soc\src" -I"H:\Git\template_speedy\hps_workspace\template_speedy_de0_nano_soc\sensors" -I"C:\altera\16.0\embedded\ip\altera\hps\altera_hps\hwlib\include" -O0 -g -Wall -c -fmessage-length=0 -MMD -MP -MF"actuators/i2c.d" -MT"actuators/i2c.d" -o "actuators/i2c.o" "../actuators/i2c.c"
'Finished building: ../actuators/i2c.c'
' '
'Building file: ../actuators/lcd.c'
'Invoking: GCC C Compiler 4 [arm-linux-gnueabihf]'
arm-linux-gnueabihf-gcc -Dsoc_cv_av -I"H:\Git\template_speedy\hps_workspace\template_speedy_de0_nano_soc\actuators" -I"H:\Git\template_speedy\hps_workspace\template_speedy_de0_nano_soc\src" -I"H:\Git\template_speedy\hps_workspace\template_speedy_de0_nano_soc\sensors" -I"C:\altera\16.0\embedded\ip\altera\hps\altera_hps\hwlib\include" -O0 -g -Wall -c -fmessage-length=0 -MMD -MP -MF"actuators/lcd.d" -MT"actuators/lcd.d" -o "actuators/lcd.o" "../actuators/lcd.c"
'Finished building: ../actuators/lcd.c'
' '
'Building file: ../actuators/xbee.c'
'Invoking: GCC C Compiler 4 [arm-linux-gnueabihf]'
arm-linux-gnueabihf-gcc -Dsoc_cv_av -I"H:\Git\template_speedy\hps_workspace\template_speedy_de0_nano_soc\actuators" -I"H:\Git\template_speedy\hps_workspace\template_speedy_de0_nano_soc\src" -I"H:\Git\template_speedy\hps_workspace\template_speedy_de0_nano_soc\sensors" -I"C:\altera\16.0\embedded\ip\altera\hps\altera_hps\hwlib\include" -O0 -g -Wall -c -fmessage-length=0 -MMD -MP -MF"actuators/xbee.d" -MT"actuators/xbee.d" -o "actuators/xbee.o" "../actuators/xbee.c"
'Finished building: ../actuators/xbee.c'
' '
'Building target: template_speedy_de0_nano_soc'
'Invoking: GCC C Linker 4 [arm-linux-gnueabihf]'
arm-linux-gnueabihf-gcc  -o "template_speedy_de0_nano_soc"  ./src/main.o  ./sensors/ADXL345.o ./sensors/gesonsor_nano.o ./sensors/hmc6343.o ./sensors/itg3200.o ./sensors/laser.o ./sensors/max11613.o ./sensors/srf08.o ./sensors/tpa81.o  ./actuators/i2c.o ./actuators/lcd.o ./actuators/xbee.o   
'Finished building target: template_speedy_de0_nano_soc'
' '
16:00:12 **** Incremental Build of configuration Debug for project xbee ****
make all 
make: Nothing to be done for 'all'.
