18:33:03 **** Incremental Build of configuration Debug for project laser ****
make all 
'Building file: ../src/laser.c'
'Invoking: GCC C Compiler 4 [arm-linux-gnueabihf]'
arm-linux-gnueabihf-gcc -I"C:\altera\16.0\embedded\ip\altera\hps\altera_hps\hwlib\include" -O0 -g -Wall -c -fmessage-length=0 -Dsoc_cv_av -MMD -MP -MF"src/laser.d" -MT"src/laser.d" -o "src/laser.o" "../src/laser.c"
'Finished building: ../src/laser.c'
' '
'Building file: ../src/main.c'
'Invoking: GCC C Compiler 4 [arm-linux-gnueabihf]'
arm-linux-gnueabihf-gcc -I"C:\altera\16.0\embedded\ip\altera\hps\altera_hps\hwlib\include" -O0 -g -Wall -c -fmessage-length=0 -Dsoc_cv_av -MMD -MP -MF"src/main.d" -MT"src/main.d" -o "src/main.o" "../src/main.c"
../src/main.c: In function 'main':
../src/main.c:32:3: warning: passing argument 2 of 'doMeasurement' from incompatible pointer type [enabled by default]
   doMeasurement(hps_laser, &distance);
   ^
In file included from ../src/laser_include.h:15:0,
                 from ../src/main.c:3:
../src/laser.h:173:9: note: expected 'uint16_t *' but argument is of type 'uint16_t (*)[769]'
 uint8_t doMeasurement(volatile uint32_t *base_addr, uint16_t *distance);
         ^
'Finished building: ../src/main.c'
' '
'Building target: laser'
'Invoking: GCC C Linker 4 [arm-linux-gnueabihf]'
arm-linux-gnueabihf-gcc  -o "laser"  ./src/laser.o ./src/main.o   
'Finished building target: laser'
' '

18:33:04 Build Finished (took 1s.48ms)

