12:27:57 **** Build of configuration Debug for project TPA81 ****
make all 
'Building file: ../src/main.c'
'Invoking: GCC C Compiler 4 [arm-linux-gnueabihf]'
arm-linux-gnueabihf-gcc -I"C:\altera\16.0\embedded\ip\altera\hps\altera_hps\hwlib\include" -I"H:\Masterarbeit\work\quartus\hps_workspace\TPA81\actuators" -O0 -g -Wall -c -fmessage-length=0 -Dsoc_cv_av -MMD -MP -MF"src/main.d" -MT"src/main.d" -o "src/main.o" "../src/main.c"
'Finished building: ../src/main.c'
' '
'Building file: ../src/tpa81.c'
'Invoking: GCC C Compiler 4 [arm-linux-gnueabihf]'
arm-linux-gnueabihf-gcc -I"C:\altera\16.0\embedded\ip\altera\hps\altera_hps\hwlib\include" -I"H:\Masterarbeit\work\quartus\hps_workspace\TPA81\actuators" -O0 -g -Wall -c -fmessage-length=0 -Dsoc_cv_av -MMD -MP -MF"src/tpa81.d" -MT"src/tpa81.d" -o "src/tpa81.o" "../src/tpa81.c"
'Finished building: ../src/tpa81.c'
' '
'Building file: ../actuators/i2c.c'
'Invoking: GCC C Compiler 4 [arm-linux-gnueabihf]'
arm-linux-gnueabihf-gcc -I"C:\altera\16.0\embedded\ip\altera\hps\altera_hps\hwlib\include" -I"H:\Masterarbeit\work\quartus\hps_workspace\TPA81\actuators" -O0 -g -Wall -c -fmessage-length=0 -Dsoc_cv_av -MMD -MP -MF"actuators/i2c.d" -MT"actuators/i2c.d" -o "actuators/i2c.o" "../actuators/i2c.c"
'Finished building: ../actuators/i2c.c'
' '
'Building target: TPA81'
'Invoking: GCC C Linker 4 [arm-linux-gnueabihf]'
arm-linux-gnueabihf-gcc  -o "TPA81"  ./src/main.o ./src/tpa81.o  ./actuators/i2c.o   
'Finished building target: TPA81'
' '

12:27:59 Build Finished (took 2s.79ms)

