IP Upgrade report for soc_system
Tue Jun 28 11:08:13 2016
Quartus Prime Version 16.0.1 Build 218 06/01/2016 SJ Standard Edition


---------------------
; Table of Contents ;
---------------------
  1. Legal Notice
  2. IP Upgrade Summary
  3. Successfully Upgraded IP Components
  4. IP Upgrade Messages



----------------
; Legal Notice ;
----------------
Copyright (C) 1991-2016 Altera Corporation. All rights reserved.
Your use of Altera Corporation's design tools, logic functions 
and other software and tools, and its AMPP partner logic 
functions, and any output files from any of the foregoing 
(including device programming or simulation files), and any 
associated documentation or information are expressly subject 
to the terms and conditions of the Altera Program License 
Subscription Agreement, the Altera Quartus Prime License Agreement,
the Altera MegaCore Function License Agreement, or other 
applicable license agreement, including, without limitation, 
that your use is for the sole purpose of programming logic 
devices manufactured by Altera and sold by Altera or its 
authorized distributors.  Please refer to the applicable 
agreement for further details.



+--------------------------------------------------------------------------------+
; IP Upgrade Summary                                                             ;
+------------------------------+-------------------------------------------------+
; IP Components Upgrade Status ; Passed - Tue Jun 28 11:08:13 2016               ;
; Quartus Prime Version        ; 16.0.1 Build 218 06/01/2016 SJ Standard Edition ;
; Revision Name                ; soc_system                                      ;
; Top-level Entity Name        ; ghrd                                            ;
; Family                       ; Cyclone V                                       ;
+------------------------------+-------------------------------------------------+


+-----------------------------------------------------------------------------------------------------------------------------------------------------------------------------+
; Successfully Upgraded IP Components                                                                                                                                         ;
+-------------+------------------------------+---------+-------------------------------------+--------------------------------+-------------------------------------+---------+
; Entity Name ; Component Name               ; Version ; Original Source File                ; Generation File Path           ; New Source File                     ; Message ;
+-------------+------------------------------+---------+-------------------------------------+--------------------------------+-------------------------------------+---------+
; hps_reset   ; In-System Sources and Probes ; 13.1    ; ip/altsource_probe/hps_reset.qip    ; ip/altsource_probe/hps_reset.v ; ip/altsource_probe/hps_reset.qip    ;         ;
; soc_system  ; Qsys                         ; 14.1    ; soc_system/synthesis/soc_system.qip ; soc_system.qsys                ; soc_system/synthesis/soc_system.qip ;         ;
+-------------+------------------------------+---------+-------------------------------------+--------------------------------+-------------------------------------+---------+


+---------------------+
; IP Upgrade Messages ;
+---------------------+
Info (11902): Backing up file "ip/altsource_probe/hps_reset.v" to "ip/altsource_probe/hps_reset.BAK.v"
Info (11837): Started upgrading IP component In-System Sources and Probes with file "ip/altsource_probe/hps_reset.v"
Info (11902): Backing up file "soc_system.qsys" to "soc_system.BAK.qsys"
Info (11902): Backing up file "soc_system/synthesis/soc_system.v" to "soc_system.BAK.v"
Info (11837): Started upgrading IP component Qsys with file "soc_system.qsys"
Info: 2016.06.28.11:05:46 Info: Starting to upgrade the IP cores in the Qsys system
Info: 2016.06.28.11:05:46 Info: Finished upgrading the ip cores
Info: 2016.06.28.11:06:11 Info: Saving generation log to H:/Masterarbeit/work/quartus/soc_system
Info: 2016.06.28.11:06:11 Info: Starting: Create simulation model
Info: 2016.06.28.11:06:11 Info: qsys-generate H:\Masterarbeit\work\quartus\soc_system.qsys --simulation=VERILOG --allow-mixed-language-simulation --output-directory=H:\Masterarbeit\work\quartus\soc_system\simulation --family="Cyclone V" --part=5CSEMA4U23C6
Info: 2016.06.28.11:06:11 Info: Loading quartus
Info: 2016.06.28.11:06:11 Info: Reading input file
Info: 2016.06.28.11:06:11 Info: Adding button_pio [altera_avalon_pio 16.0]
Info: 2016.06.28.11:06:11 Info: Parameterizing module button_pio
Info: 2016.06.28.11:06:11 Info: Adding clk_0 [clock_source 16.0]
Info: 2016.06.28.11:06:11 Info: Parameterizing module clk_0
Info: 2016.06.28.11:06:11 Info: Adding dipsw_pio [altera_avalon_pio 16.0]
Info: 2016.06.28.11:06:11 Info: Parameterizing module dipsw_pio
Info: 2016.06.28.11:06:11 Info: Adding fpga_only_master [altera_jtag_avalon_master 16.0]
Info: 2016.06.28.11:06:11 Info: Parameterizing module fpga_only_master
Info: 2016.06.28.11:06:11 Info: Adding hps_0 [altera_hps 16.0]
Info: 2016.06.28.11:06:11 Info: Parameterizing module hps_0
Info: 2016.06.28.11:06:11 Info: Adding hps_only_master [altera_jtag_avalon_master 16.0]
Info: 2016.06.28.11:06:11 Info: Parameterizing module hps_only_master
Info: 2016.06.28.11:06:11 Info: Adding intr_capturer_0 [intr_capturer 100.99.98.97]
Info: 2016.06.28.11:06:11 Info: Parameterizing module intr_capturer_0
Info: 2016.06.28.11:06:11 Info: Adding jtag_uart [altera_avalon_jtag_uart 16.0]
Info: 2016.06.28.11:06:11 Info: Parameterizing module jtag_uart
Info: 2016.06.28.11:06:11 Info: Adding led_pio [altera_avalon_pio 16.0]
Info: 2016.06.28.11:06:11 Info: Parameterizing module led_pio
Info: 2016.06.28.11:06:11 Info: Adding onchip_memory2_0 [altera_avalon_onchip_memory2 16.0]
Info: 2016.06.28.11:06:11 Info: Parameterizing module onchip_memory2_0
Info: 2016.06.28.11:06:11 Info: Adding sysid_qsys [altera_avalon_sysid_qsys 16.0]
Info: 2016.06.28.11:06:11 Info: Parameterizing module sysid_qsys
Info: 2016.06.28.11:06:11 Info: Building connections
Info: 2016.06.28.11:06:11 Info: Parameterizing connections
Info: 2016.06.28.11:06:11 Info: Validating
Info: 2016.06.28.11:06:20 Info: Done reading input file
Info: 2016.06.28.11:06:23 Info: soc_system.button_pio: PIO inputs are not hardwired in test bench. Undefined values will be read from PIO inputs during simulation.
Info: 2016.06.28.11:06:23 Info: soc_system.dipsw_pio: PIO inputs are not hardwired in test bench. Undefined values will be read from PIO inputs during simulation.
Info: 2016.06.28.11:06:23 Info: soc_system.hps_0: HPS Main PLL counter settings: n = 0  m = 73
Info: 2016.06.28.11:06:23 Info: soc_system.hps_0: HPS peripherial PLL counter settings: n = 0  m = 39
Warning: 2016.06.28.11:06:23 Warning: soc_system.hps_0: 1 or more output clock frequencies cannot be achieved precisely, consider revising desired output clock frequencies.
Info: 2016.06.28.11:06:23 Info: soc_system.jtag_uart: JTAG UART IP input clock need to be at least double (2x) the operating frequency of JTAG TCK on board
Info: 2016.06.28.11:06:23 Info: soc_system.sysid_qsys: System ID is not assigned automatically. Edit the System ID parameter to provide a unique ID
Info: 2016.06.28.11:06:23 Info: soc_system.sysid_qsys: Time stamp will be automatically updated when this component is generated.
Info: 2016.06.28.11:06:26 Info: soc_system: Generating soc_system "soc_system" for SIM_VERILOG
Info: 2016.06.28.11:06:33 Info: Interconnect is inserted between master hps_only_master.master and slave hps_0.f2h_axi_slave because the master is of type avalon and the slave is of type axi.
Warning: 2016.06.28.11:06:33 Warning: hps_0.f2h_irq0: Cannot connect clock for irq_mapper.sender
Warning: 2016.06.28.11:06:33 Warning: hps_0.f2h_irq0: Cannot connect reset for irq_mapper.sender
Warning: 2016.06.28.11:06:33 Warning: hps_0.f2h_irq1: Cannot connect clock for irq_mapper_001.sender
Warning: 2016.06.28.11:06:33 Warning: hps_0.f2h_irq1: Cannot connect reset for irq_mapper_001.sender
Info: 2016.06.28.11:06:38 Info: button_pio: Starting RTL generation for module 'soc_system_button_pio'
Info: 2016.06.28.11:06:38 Info: button_pio:   Generation command is [exec C:/altera/16.0/quartus/bin64/perl/bin/perl.exe -I C:/altera/16.0/quartus/bin64/perl/lib -I C:/altera/16.0/quartus/sopc_builder/bin/europa -I C:/altera/16.0/quartus/sopc_builder/bin/perl_lib -I C:/altera/16.0/quartus/sopc_builder/bin -I C:/altera/16.0/quartus/../ip/altera/sopc_builder_ip/common -I C:/altera/16.0/quartus/../ip/altera/sopc_builder_ip/altera_avalon_pio -- C:/altera/16.0/quartus/../ip/altera/sopc_builder_ip/altera_avalon_pio/generate_rtl.pl --name=soc_system_button_pio --dir=C:/Users/Urban/AppData/Local/Temp/alt6980_6672632666327002895.dir/0001_button_pio_gen/ --quartus_dir=C:/altera/16.0/quartus --verilog --config=C:/Users/Urban/AppData/Local/Temp/alt6980_6672632666327002895.dir/0001_button_pio_gen//soc_system_button_pio_component_configuration.pl  --do_build_sim=1    --sim_dir=C:/Users/Urban/AppData/Local/Temp/alt6980_6672632666327002895.dir/0001_button_pio_gen
Info: 2016.06.28.11:06:39 Info: button_pio: Done RTL generation for module 'soc_system_button_pio'
Info: 2016.06.28.11:06:39 Info: button_pio: "soc_system" instantiated altera_avalon_pio "button_pio"
Info: 2016.06.28.11:06:39 Info: dipsw_pio: Starting RTL generation for module 'soc_system_dipsw_pio'
Info: 2016.06.28.11:06:39 Info: dipsw_pio:   Generation command is [exec C:/altera/16.0/quartus/bin64/perl/bin/perl.exe -I C:/altera/16.0/quartus/bin64/perl/lib -I C:/altera/16.0/quartus/sopc_builder/bin/europa -I C:/altera/16.0/quartus/sopc_builder/bin/perl_lib -I C:/altera/16.0/quartus/sopc_builder/bin -I C:/altera/16.0/quartus/../ip/altera/sopc_builder_ip/common -I C:/altera/16.0/quartus/../ip/altera/sopc_builder_ip/altera_avalon_pio -- C:/altera/16.0/quartus/../ip/altera/sopc_builder_ip/altera_avalon_pio/generate_rtl.pl --name=soc_system_dipsw_pio --dir=C:/Users/Urban/AppData/Local/Temp/alt6980_6672632666327002895.dir/0002_dipsw_pio_gen/ --quartus_dir=C:/altera/16.0/quartus --verilog --config=C:/Users/Urban/AppData/Local/Temp/alt6980_6672632666327002895.dir/0002_dipsw_pio_gen//soc_system_dipsw_pio_component_configuration.pl  --do_build_sim=1    --sim_dir=C:/Users/Urban/AppData/Local/Temp/alt6980_6672632666327002895.dir/0002_dipsw_pio_gen
Info: 2016.06.28.11:06:40 Info: dipsw_pio: Done RTL generation for module 'soc_system_dipsw_pio'
Info: 2016.06.28.11:06:40 Info: dipsw_pio: "soc_system" instantiated altera_avalon_pio "dipsw_pio"
Info: 2016.06.28.11:06:40 Info: fpga_only_master: "soc_system" instantiated altera_jtag_avalon_master "fpga_only_master"
Info: 2016.06.28.11:06:40 Info: hps_0: "Running  for module: hps_0"
Info: 2016.06.28.11:06:41 Info: hps_0: HPS Main PLL counter settings: n = 0  m = 73
Info: 2016.06.28.11:06:41 Info: hps_0: HPS peripherial PLL counter settings: n = 0  m = 39
Warning: 2016.06.28.11:06:41 Warning: hps_0: 1 or more output clock frequencies cannot be achieved precisely, consider revising desired output clock frequencies.
Info: 2016.06.28.11:06:43 Info: hps_0: "soc_system" instantiated altera_hps "hps_0"
Info: 2016.06.28.11:06:43 Info: intr_capturer_0: "soc_system" instantiated intr_capturer "intr_capturer_0"
Info: 2016.06.28.11:06:43 Info: jtag_uart: Starting RTL generation for module 'soc_system_jtag_uart'
Info: 2016.06.28.11:06:43 Info: jtag_uart:   Generation command is [exec C:/altera/16.0/quartus/bin64/perl/bin/perl.exe -I C:/altera/16.0/quartus/bin64/perl/lib -I C:/altera/16.0/quartus/sopc_builder/bin/europa -I C:/altera/16.0/quartus/sopc_builder/bin/perl_lib -I C:/altera/16.0/quartus/sopc_builder/bin -I C:/altera/16.0/quartus/../ip/altera/sopc_builder_ip/common -I C:/altera/16.0/quartus/../ip/altera/sopc_builder_ip/altera_avalon_jtag_uart -- C:/altera/16.0/quartus/../ip/altera/sopc_builder_ip/altera_avalon_jtag_uart/generate_rtl.pl --name=soc_system_jtag_uart --dir=C:/Users/Urban/AppData/Local/Temp/alt6980_6672632666327002895.dir/0004_jtag_uart_gen/ --quartus_dir=C:/altera/16.0/quartus --verilog --config=C:/Users/Urban/AppData/Local/Temp/alt6980_6672632666327002895.dir/0004_jtag_uart_gen//soc_system_jtag_uart_component_configuration.pl  --do_build_sim=1    --sim_dir=C:/Users/Urban/AppData/Local/Temp/alt6980_6672632666327002895.dir/0004_jtag_uart_gen
Info: 2016.06.28.11:06:43 Info: jtag_uart: Done RTL generation for module 'soc_system_jtag_uart'
Info: 2016.06.28.11:06:43 Info: jtag_uart: "soc_system" instantiated altera_avalon_jtag_uart "jtag_uart"
Info: 2016.06.28.11:06:43 Info: led_pio: Starting RTL generation for module 'soc_system_led_pio'
Info: 2016.06.28.11:06:43 Info: led_pio:   Generation command is [exec C:/altera/16.0/quartus/bin64/perl/bin/perl.exe -I C:/altera/16.0/quartus/bin64/perl/lib -I C:/altera/16.0/quartus/sopc_builder/bin/europa -I C:/altera/16.0/quartus/sopc_builder/bin/perl_lib -I C:/altera/16.0/quartus/sopc_builder/bin -I C:/altera/16.0/quartus/../ip/altera/sopc_builder_ip/common -I C:/altera/16.0/quartus/../ip/altera/sopc_builder_ip/altera_avalon_pio -- C:/altera/16.0/quartus/../ip/altera/sopc_builder_ip/altera_avalon_pio/generate_rtl.pl --name=soc_system_led_pio --dir=C:/Users/Urban/AppData/Local/Temp/alt6980_6672632666327002895.dir/0005_led_pio_gen/ --quartus_dir=C:/altera/16.0/quartus --verilog --config=C:/Users/Urban/AppData/Local/Temp/alt6980_6672632666327002895.dir/0005_led_pio_gen//soc_system_led_pio_component_configuration.pl  --do_build_sim=1    --sim_dir=C:/Users/Urban/AppData/Local/Temp/alt6980_6672632666327002895.dir/0005_led_pio_gen
Info: 2016.06.28.11:06:43 Info: led_pio: Done RTL generation for module 'soc_system_led_pio'
Info: 2016.06.28.11:06:43 Info: led_pio: "soc_system" instantiated altera_avalon_pio "led_pio"
Info: 2016.06.28.11:06:43 Info: onchip_memory2_0: Starting RTL generation for module 'soc_system_onchip_memory2_0'
Info: 2016.06.28.11:06:43 Info: onchip_memory2_0:   Generation command is [exec C:/altera/16.0/quartus/bin64/perl/bin/perl.exe -I C:/altera/16.0/quartus/bin64/perl/lib -I C:/altera/16.0/quartus/sopc_builder/bin/europa -I C:/altera/16.0/quartus/sopc_builder/bin/perl_lib -I C:/altera/16.0/quartus/sopc_builder/bin -I C:/altera/16.0/quartus/../ip/altera/sopc_builder_ip/common -I C:/altera/16.0/quartus/../ip/altera/sopc_builder_ip/altera_avalon_onchip_memory2 -- C:/altera/16.0/quartus/../ip/altera/sopc_builder_ip/altera_avalon_onchip_memory2/generate_rtl.pl --name=soc_system_onchip_memory2_0 --dir=C:/Users/Urban/AppData/Local/Temp/alt6980_6672632666327002895.dir/0006_onchip_memory2_0_gen/ --quartus_dir=C:/altera/16.0/quartus --verilog --config=C:/Users/Urban/AppData/Local/Temp/alt6980_6672632666327002895.dir/0006_onchip_memory2_0_gen//soc_system_onchip_memory2_0_component_configuration.pl  --do_build_sim=1    --sim_dir=C:/Users/Urban/AppData/Local/Temp/alt6980_6672632666327002895.dir/0006_onchip_memory2_0_gen
Info: 2016.06.28.11:06:44 Info: onchip_memory2_0: Done RTL generation for module 'soc_system_onchip_memory2_0'
Info: 2016.06.28.11:06:44 Info: onchip_memory2_0: "soc_system" instantiated altera_avalon_onchip_memory2 "onchip_memory2_0"
Info: 2016.06.28.11:06:44 Info: sysid_qsys: "soc_system" instantiated altera_avalon_sysid_qsys "sysid_qsys"
Info: 2016.06.28.11:06:45 Info: avalon_st_adapter: Inserting error_adapter: error_adapter_0
Info: 2016.06.28.11:06:45 Info: avalon_st_adapter_001: Inserting error_adapter: error_adapter_0
Info: 2016.06.28.11:06:45 Info: avalon_st_adapter_002: Inserting error_adapter: error_adapter_0
Info: 2016.06.28.11:06:45 Info: avalon_st_adapter_003: Inserting error_adapter: error_adapter_0
Info: 2016.06.28.11:06:46 Info: avalon_st_adapter_004: Inserting error_adapter: error_adapter_0
Info: 2016.06.28.11:06:46 Info: avalon_st_adapter_005: Inserting error_adapter: error_adapter_0
Info: 2016.06.28.11:06:46 Info: avalon_st_adapter_006: Inserting error_adapter: error_adapter_0
Info: 2016.06.28.11:06:47 Info: mm_interconnect_0: "soc_system" instantiated altera_mm_interconnect "mm_interconnect_0"
Info: 2016.06.28.11:06:47 Info: mm_interconnect_1: "soc_system" instantiated altera_mm_interconnect "mm_interconnect_1"
Info: 2016.06.28.11:06:47 Info: irq_mapper: "soc_system" instantiated altera_irq_mapper "irq_mapper"
Info: 2016.06.28.11:06:47 Info: irq_mapper_001: "soc_system" instantiated altera_irq_mapper "irq_mapper_001"
Info: 2016.06.28.11:06:47 Info: rst_controller: "soc_system" instantiated altera_reset_controller "rst_controller"
Info: 2016.06.28.11:06:47 Info: jtag_phy_embedded_in_jtag_master: "fpga_only_master" instantiated altera_jtag_dc_streaming "jtag_phy_embedded_in_jtag_master"
Info: 2016.06.28.11:06:47 Info: timing_adt: "fpga_only_master" instantiated timing_adapter "timing_adt"
Info: 2016.06.28.11:06:47 Info: fifo: "fpga_only_master" instantiated altera_avalon_sc_fifo "fifo"
Info: 2016.06.28.11:06:47 Info: b2p: "fpga_only_master" instantiated altera_avalon_st_bytes_to_packets "b2p"
Info: 2016.06.28.11:06:47 Info: p2b: "fpga_only_master" instantiated altera_avalon_st_packets_to_bytes "p2b"
Info: 2016.06.28.11:06:47 Info: transacto: "fpga_only_master" instantiated altera_avalon_packets_to_master "transacto"
Info: 2016.06.28.11:06:47 Info: b2p_adapter: "fpga_only_master" instantiated channel_adapter "b2p_adapter"
Info: 2016.06.28.11:06:47 Info: p2b_adapter: "fpga_only_master" instantiated channel_adapter "p2b_adapter"
Info: 2016.06.28.11:06:47 Info: fpga_interfaces: "hps_0" instantiated altera_interface_generator "fpga_interfaces"
Info: 2016.06.28.11:06:48 Info: hps_io: "hps_0" instantiated altera_hps_io "hps_io"
Info: 2016.06.28.11:06:48 Info: fpga_only_master_master_translator: "mm_interconnect_0" instantiated altera_merlin_master_translator "fpga_only_master_master_translator"
Info: 2016.06.28.11:06:48 Info: onchip_memory2_0_s1_translator: "mm_interconnect_0" instantiated altera_merlin_slave_translator "onchip_memory2_0_s1_translator"
Info: 2016.06.28.11:06:48 Info: hps_0_h2f_axi_master_agent: "mm_interconnect_0" instantiated altera_merlin_axi_master_ni "hps_0_h2f_axi_master_agent"
Info: 2016.06.28.11:06:48 Info: fpga_only_master_master_agent: "mm_interconnect_0" instantiated altera_merlin_master_agent "fpga_only_master_master_agent"
Info: 2016.06.28.11:06:48 Info: onchip_memory2_0_s1_agent: "mm_interconnect_0" instantiated altera_merlin_slave_agent "onchip_memory2_0_s1_agent"
Info: 2016.06.28.11:06:48 Info: router: "mm_interconnect_0" instantiated altera_merlin_router "router"
Info: 2016.06.28.11:06:48 Info: router_002: "mm_interconnect_0" instantiated altera_merlin_router "router_002"
Info: 2016.06.28.11:06:48 Info: router_003: "mm_interconnect_0" instantiated altera_merlin_router "router_003"
Info: 2016.06.28.11:06:48 Info: router_005: "mm_interconnect_0" instantiated altera_merlin_router "router_005"
Info: 2016.06.28.11:06:48 Info: router_006: "mm_interconnect_0" instantiated altera_merlin_router "router_006"
Info: 2016.06.28.11:06:48 Info: router_007: "mm_interconnect_0" instantiated altera_merlin_router "router_007"
Info: 2016.06.28.11:06:48 Info: fpga_only_master_master_limiter: "mm_interconnect_0" instantiated altera_merlin_traffic_limiter "fpga_only_master_master_limiter"
Info: 2016.06.28.11:06:48 Info: Reusing file H:/Masterarbeit/work/quartus/soc_system/simulation/submodules
Info: 2016.06.28.11:06:48 Info: Reusing file H:/Masterarbeit/work/quartus/soc_system/simulation/submodules
Info: 2016.06.28.11:06:48 Info: onchip_memory2_0_s1_burst_adapter: "mm_interconnect_0" instantiated altera_merlin_burst_adapter "onchip_memory2_0_s1_burst_adapter"
Info: 2016.06.28.11:06:48 Info: Reusing file H:/Masterarbeit/work/quartus/soc_system/simulation/submodules
Info: 2016.06.28.11:06:48 Info: Reusing file H:/Masterarbeit/work/quartus/soc_system/simulation/submodules
Info: 2016.06.28.11:06:48 Info: Reusing file H:/Masterarbeit/work/quartus/soc_system/simulation/submodules
Info: 2016.06.28.11:06:48 Info: cmd_demux: "mm_interconnect_0" instantiated altera_merlin_demultiplexer "cmd_demux"
Info: 2016.06.28.11:06:48 Info: cmd_demux_002: "mm_interconnect_0" instantiated altera_merlin_demultiplexer "cmd_demux_002"
Info: 2016.06.28.11:06:48 Info: cmd_demux_003: "mm_interconnect_0" instantiated altera_merlin_demultiplexer "cmd_demux_003"
Info: 2016.06.28.11:06:48 Info: cmd_mux: "mm_interconnect_0" instantiated altera_merlin_multiplexer "cmd_mux"
Info: 2016.06.28.11:06:48 Info: cmd_mux_001: "mm_interconnect_0" instantiated altera_merlin_multiplexer "cmd_mux_001"
Info: 2016.06.28.11:06:48 Info: Reusing file H:/Masterarbeit/work/quartus/soc_system/simulation/submodules
Info: 2016.06.28.11:06:48 Info: cmd_mux_002: "mm_interconnect_0" instantiated altera_merlin_multiplexer "cmd_mux_002"
Info: 2016.06.28.11:06:48 Info: Reusing file H:/Masterarbeit/work/quartus/soc_system/simulation/submodules
Info: 2016.06.28.11:06:48 Info: rsp_demux: "mm_interconnect_0" instantiated altera_merlin_demultiplexer "rsp_demux"
Info: 2016.06.28.11:06:48 Info: rsp_demux_001: "mm_interconnect_0" instantiated altera_merlin_demultiplexer "rsp_demux_001"
Info: 2016.06.28.11:06:48 Info: rsp_demux_002: "mm_interconnect_0" instantiated altera_merlin_demultiplexer "rsp_demux_002"
Info: 2016.06.28.11:06:48 Info: rsp_mux: "mm_interconnect_0" instantiated altera_merlin_multiplexer "rsp_mux"
Info: 2016.06.28.11:06:48 Info: Reusing file H:/Masterarbeit/work/quartus/soc_system/simulation/submodules
Info: 2016.06.28.11:06:48 Info: rsp_mux_002: "mm_interconnect_0" instantiated altera_merlin_multiplexer "rsp_mux_002"
Info: 2016.06.28.11:06:48 Info: Reusing file H:/Masterarbeit/work/quartus/soc_system/simulation/submodules
Info: 2016.06.28.11:06:48 Info: rsp_mux_003: "mm_interconnect_0" instantiated altera_merlin_multiplexer "rsp_mux_003"
Info: 2016.06.28.11:06:48 Info: Reusing file H:/Masterarbeit/work/quartus/soc_system/simulation/submodules
Info: 2016.06.28.11:06:48 Info: fpga_only_master_master_to_onchip_memory2_0_s1_cmd_width_adapter: "mm_interconnect_0" instantiated altera_merlin_width_adapter "fpga_only_master_master_to_onchip_memory2_0_s1_cmd_width_adapter"
Info: 2016.06.28.11:06:48 Info: Reusing file H:/Masterarbeit/work/quartus/soc_system/simulation/submodules
Info: 2016.06.28.11:06:48 Info: Reusing file H:/Masterarbeit/work/quartus/soc_system/simulation/submodules
Info: 2016.06.28.11:06:48 Info: avalon_st_adapter: "mm_interconnect_0" instantiated altera_avalon_st_adapter "avalon_st_adapter"
Info: 2016.06.28.11:06:48 Info: avalon_st_adapter_001: "mm_interconnect_0" instantiated altera_avalon_st_adapter "avalon_st_adapter_001"
Info: 2016.06.28.11:06:48 Info: hps_0_f2h_axi_slave_agent: "mm_interconnect_1" instantiated altera_merlin_axi_slave_ni "hps_0_f2h_axi_slave_agent"
Info: 2016.06.28.11:06:48 Info: Reusing file H:/Masterarbeit/work/quartus/soc_system/simulation/submodules
Info: 2016.06.28.11:06:48 Info: Reusing file H:/Masterarbeit/work/quartus/soc_system/simulation/submodules
Info: 2016.06.28.11:06:48 Info: Reusing file H:/Masterarbeit/work/quartus/soc_system/simulation/submodules
Info: 2016.06.28.11:06:48 Info: router: "mm_interconnect_1" instantiated altera_merlin_router "router"
Info: 2016.06.28.11:06:48 Info: router_001: "mm_interconnect_1" instantiated altera_merlin_router "router_001"
Info: 2016.06.28.11:06:49 Info: cmd_demux: "mm_interconnect_1" instantiated altera_merlin_demultiplexer "cmd_demux"
Info: 2016.06.28.11:06:49 Info: cmd_mux: "mm_interconnect_1" instantiated altera_merlin_multiplexer "cmd_mux"
Info: 2016.06.28.11:06:49 Info: Reusing file H:/Masterarbeit/work/quartus/soc_system/simulation/submodules
Info: 2016.06.28.11:06:49 Info: rsp_demux: "mm_interconnect_1" instantiated altera_merlin_demultiplexer "rsp_demux"
Info: 2016.06.28.11:06:49 Info: rsp_mux: "mm_interconnect_1" instantiated altera_merlin_multiplexer "rsp_mux"
Info: 2016.06.28.11:06:49 Info: Reusing file H:/Masterarbeit/work/quartus/soc_system/simulation/submodules
Info: 2016.06.28.11:06:49 Info: border: "hps_io" instantiated altera_interface_generator "border"
Info: 2016.06.28.11:06:49 Info: Reusing file H:/Masterarbeit/work/quartus/soc_system/simulation/submodules
Info: 2016.06.28.11:06:49 Info: Reusing file H:/Masterarbeit/work/quartus/soc_system/simulation/submodules
Info: 2016.06.28.11:06:49 Info: Reusing file H:/Masterarbeit/work/quartus/soc_system/simulation/submodules
Info: 2016.06.28.11:06:49 Info: Reusing file H:/Masterarbeit/work/quartus/soc_system/simulation/submodules
Info: 2016.06.28.11:06:49 Info: Reusing file H:/Masterarbeit/work/quartus/soc_system/simulation/submodules
Info: 2016.06.28.11:06:49 Info: Reusing file H:/Masterarbeit/work/quartus/soc_system/simulation/submodules
Info: 2016.06.28.11:06:49 Info: Reusing file H:/Masterarbeit/work/quartus/soc_system/simulation/submodules
Info: 2016.06.28.11:06:49 Info: error_adapter_0: "avalon_st_adapter" instantiated error_adapter "error_adapter_0"
Info: 2016.06.28.11:06:49 Info: error_adapter_0: "avalon_st_adapter_001" instantiated error_adapter "error_adapter_0"
Info: 2016.06.28.11:06:49 Info: soc_system: Done "soc_system" with 63 modules, 103 files
Info: 2016.06.28.11:06:49 Info: qsys-generate succeeded.
Info: 2016.06.28.11:06:49 Info: Finished: Create simulation model
Info: 2016.06.28.11:06:49 Info: Starting: Create Modelsim Project.
Info: 2016.06.28.11:06:49 Info: sim-script-gen --spd=H:\Masterarbeit\work\quartus\soc_system\soc_system.spd --output-directory=H:/Masterarbeit/work/quartus/soc_system/simulation
Info: 2016.06.28.11:06:49 Info: Doing: ip-make-simscript --spd=H:\Masterarbeit\work\quartus\soc_system\soc_system.spd --output-directory=H:/Masterarbeit/work/quartus/soc_system/simulation
Info: 2016.06.28.11:06:50 Info: Generating the following file(s) for MODELSIM simulator in H:/Masterarbeit/work/quartus/soc_system/simulation
Info: 2016.06.28.11:06:50 Info:     mentor
Info: 2016.06.28.11:06:50 Info: Generating the following file(s) for VCS simulator in H:/Masterarbeit/work/quartus/soc_system/simulation
Info: 2016.06.28.11:06:50 Info:     synopsys/vcs
Info: 2016.06.28.11:06:50 Info: Generating the following file(s) for VCSMX simulator in H:/Masterarbeit/work/quartus/soc_system/simulation
Info: 2016.06.28.11:06:50 Info:     synopsys/vcsmx
Info: 2016.06.28.11:06:50 Info:     synopsys/vcsmx
Info: 2016.06.28.11:06:50 Info: Generating the following file(s) for NCSIM simulator in H:/Masterarbeit/work/quartus/soc_system/simulation
Info: 2016.06.28.11:06:50 Info:     cadence
Info: 2016.06.28.11:06:50 Info:     cadence
Info: 2016.06.28.11:06:50 Info:     cadence
Info: 2016.06.28.11:06:50 Info:     57 .cds.lib files in cadence/cds_libs
Info: 2016.06.28.11:06:50 Info: Generating the following file(s) for RIVIERA simulator in H:/Masterarbeit/work/quartus/soc_system/simulation
Info: 2016.06.28.11:06:50 Info:     aldec
Info: 2016.06.28.11:06:50 Info: For information on how to simulate your IP, see the explanatory comments in the simulator-specific subdirectories under H:/Masterarbeit/work/quartus/soc_system/simulation
Info: 2016.06.28.11:06:50 Info: Finished: Create Modelsim Project.
Info: 2016.06.28.11:06:50 Info: Starting: Create block symbol file (.bsf)
Info: 2016.06.28.11:06:50 Info: qsys-generate H:\Masterarbeit\work\quartus\soc_system.qsys --block-symbol-file --output-directory=H:\Masterarbeit\work\quartus\soc_system --family="Cyclone V" --part=5CSEMA4U23C6
Info: 2016.06.28.11:06:50 Info: Loading quartus
Info: 2016.06.28.11:06:50 Info: Reading input file
Info: 2016.06.28.11:06:50 Info: Adding button_pio [altera_avalon_pio 16.0]
Info: 2016.06.28.11:06:50 Info: Parameterizing module button_pio
Info: 2016.06.28.11:06:50 Info: Adding clk_0 [clock_source 16.0]
Info: 2016.06.28.11:06:50 Info: Parameterizing module clk_0
Info: 2016.06.28.11:06:50 Info: Adding dipsw_pio [altera_avalon_pio 16.0]
Info: 2016.06.28.11:06:50 Info: Parameterizing module dipsw_pio
Info: 2016.06.28.11:06:50 Info: Adding fpga_only_master [altera_jtag_avalon_master 16.0]
Info: 2016.06.28.11:06:50 Info: Parameterizing module fpga_only_master
Info: 2016.06.28.11:06:50 Info: Adding hps_0 [altera_hps 16.0]
Info: 2016.06.28.11:06:50 Info: Parameterizing module hps_0
Info: 2016.06.28.11:06:50 Info: Adding hps_only_master [altera_jtag_avalon_master 16.0]
Info: 2016.06.28.11:06:50 Info: Parameterizing module hps_only_master
Info: 2016.06.28.11:06:50 Info: Adding intr_capturer_0 [intr_capturer 100.99.98.97]
Info: 2016.06.28.11:06:50 Info: Parameterizing module intr_capturer_0
Info: 2016.06.28.11:06:50 Info: Adding jtag_uart [altera_avalon_jtag_uart 16.0]
Info: 2016.06.28.11:06:50 Info: Parameterizing module jtag_uart
Info: 2016.06.28.11:06:50 Info: Adding led_pio [altera_avalon_pio 16.0]
Info: 2016.06.28.11:06:50 Info: Parameterizing module led_pio
Info: 2016.06.28.11:06:50 Info: Adding onchip_memory2_0 [altera_avalon_onchip_memory2 16.0]
Info: 2016.06.28.11:06:50 Info: Parameterizing module onchip_memory2_0
Info: 2016.06.28.11:06:50 Info: Adding sysid_qsys [altera_avalon_sysid_qsys 16.0]
Info: 2016.06.28.11:06:50 Info: Parameterizing module sysid_qsys
Info: 2016.06.28.11:06:50 Info: Building connections
Info: 2016.06.28.11:06:50 Info: Parameterizing connections
Info: 2016.06.28.11:06:50 Info: Validating
Info: 2016.06.28.11:06:59 Info: Done reading input file
Info: 2016.06.28.11:07:02 Info: soc_system.button_pio: PIO inputs are not hardwired in test bench. Undefined values will be read from PIO inputs during simulation.
Info: 2016.06.28.11:07:02 Info: soc_system.dipsw_pio: PIO inputs are not hardwired in test bench. Undefined values will be read from PIO inputs during simulation.
Info: 2016.06.28.11:07:02 Info: soc_system.hps_0: HPS Main PLL counter settings: n = 0  m = 73
Info: 2016.06.28.11:07:02 Info: soc_system.hps_0: HPS peripherial PLL counter settings: n = 0  m = 39
Warning: 2016.06.28.11:07:02 Warning: soc_system.hps_0: 1 or more output clock frequencies cannot be achieved precisely, consider revising desired output clock frequencies.
Info: 2016.06.28.11:07:02 Info: soc_system.jtag_uart: JTAG UART IP input clock need to be at least double (2x) the operating frequency of JTAG TCK on board
Info: 2016.06.28.11:07:02 Info: soc_system.sysid_qsys: System ID is not assigned automatically. Edit the System ID parameter to provide a unique ID
Info: 2016.06.28.11:07:02 Info: soc_system.sysid_qsys: Time stamp will be automatically updated when this component is generated.
Info: 2016.06.28.11:07:03 Info: qsys-generate succeeded.
Info: 2016.06.28.11:07:03 Info: Finished: Create block symbol file (.bsf)
Info: 2016.06.28.11:07:03 Info:
Info: 2016.06.28.11:07:03 Info: Starting: Create HDL design files for synthesis
Info: 2016.06.28.11:07:03 Info: qsys-generate H:\Masterarbeit\work\quartus\soc_system.qsys --synthesis=VERILOG --output-directory=H:\Masterarbeit\work\quartus\soc_system\synthesis --family="Cyclone V" --part=5CSEMA4U23C6
Info: 2016.06.28.11:07:03 Info: Loading quartus
Info: 2016.06.28.11:07:03 Info: Reading input file
Info: 2016.06.28.11:07:03 Info: Adding button_pio [altera_avalon_pio 16.0]
Info: 2016.06.28.11:07:03 Info: Parameterizing module button_pio
Info: 2016.06.28.11:07:03 Info: Adding clk_0 [clock_source 16.0]
Info: 2016.06.28.11:07:03 Info: Parameterizing module clk_0
Info: 2016.06.28.11:07:03 Info: Adding dipsw_pio [altera_avalon_pio 16.0]
Info: 2016.06.28.11:07:03 Info: Parameterizing module dipsw_pio
Info: 2016.06.28.11:07:03 Info: Adding fpga_only_master [altera_jtag_avalon_master 16.0]
Info: 2016.06.28.11:07:03 Info: Parameterizing module fpga_only_master
Info: 2016.06.28.11:07:03 Info: Adding hps_0 [altera_hps 16.0]
Info: 2016.06.28.11:07:03 Info: Parameterizing module hps_0
Info: 2016.06.28.11:07:03 Info: Adding hps_only_master [altera_jtag_avalon_master 16.0]
Info: 2016.06.28.11:07:03 Info: Parameterizing module hps_only_master
Info: 2016.06.28.11:07:03 Info: Adding intr_capturer_0 [intr_capturer 100.99.98.97]
Info: 2016.06.28.11:07:03 Info: Parameterizing module intr_capturer_0
Info: 2016.06.28.11:07:03 Info: Adding jtag_uart [altera_avalon_jtag_uart 16.0]
Info: 2016.06.28.11:07:03 Info: Parameterizing module jtag_uart
Info: 2016.06.28.11:07:03 Info: Adding led_pio [altera_avalon_pio 16.0]
Info: 2016.06.28.11:07:03 Info: Parameterizing module led_pio
Info: 2016.06.28.11:07:03 Info: Adding onchip_memory2_0 [altera_avalon_onchip_memory2 16.0]
Info: 2016.06.28.11:07:03 Info: Parameterizing module onchip_memory2_0
Info: 2016.06.28.11:07:03 Info: Adding sysid_qsys [altera_avalon_sysid_qsys 16.0]
Info: 2016.06.28.11:07:03 Info: Parameterizing module sysid_qsys
Info: 2016.06.28.11:07:03 Info: Building connections
Info: 2016.06.28.11:07:03 Info: Parameterizing connections
Info: 2016.06.28.11:07:03 Info: Validating
Info: 2016.06.28.11:07:11 Info: Done reading input file
Info: 2016.06.28.11:07:14 Info: soc_system.button_pio: PIO inputs are not hardwired in test bench. Undefined values will be read from PIO inputs during simulation.
Info: 2016.06.28.11:07:14 Info: soc_system.dipsw_pio: PIO inputs are not hardwired in test bench. Undefined values will be read from PIO inputs during simulation.
Info: 2016.06.28.11:07:14 Info: soc_system.hps_0: HPS Main PLL counter settings: n = 0  m = 73
Info: 2016.06.28.11:07:14 Info: soc_system.hps_0: HPS peripherial PLL counter settings: n = 0  m = 39
Warning: 2016.06.28.11:07:14 Warning: soc_system.hps_0: 1 or more output clock frequencies cannot be achieved precisely, consider revising desired output clock frequencies.
Info: 2016.06.28.11:07:14 Info: soc_system.jtag_uart: JTAG UART IP input clock need to be at least double (2x) the operating frequency of JTAG TCK on board
Info: 2016.06.28.11:07:14 Info: soc_system.sysid_qsys: System ID is not assigned automatically. Edit the System ID parameter to provide a unique ID
Info: 2016.06.28.11:07:14 Info: soc_system.sysid_qsys: Time stamp will be automatically updated when this component is generated.
Info: 2016.06.28.11:07:18 Info: soc_system: Generating soc_system "soc_system" for QUARTUS_SYNTH
Info: 2016.06.28.11:07:23 Info: Interconnect is inserted between master hps_only_master.master and slave hps_0.f2h_axi_slave because the master is of type avalon and the slave is of type axi.
Warning: 2016.06.28.11:07:23 Warning: hps_0.f2h_irq0: Cannot connect clock for irq_mapper.sender
Warning: 2016.06.28.11:07:23 Warning: hps_0.f2h_irq0: Cannot connect reset for irq_mapper.sender
Warning: 2016.06.28.11:07:23 Warning: hps_0.f2h_irq1: Cannot connect clock for irq_mapper_001.sender
Warning: 2016.06.28.11:07:23 Warning: hps_0.f2h_irq1: Cannot connect reset for irq_mapper_001.sender
Info: 2016.06.28.11:07:28 Info: button_pio: Starting RTL generation for module 'soc_system_button_pio'
Info: 2016.06.28.11:07:28 Info: button_pio:   Generation command is [exec C:/altera/16.0/quartus/bin64/perl/bin/perl.exe -I C:/altera/16.0/quartus/bin64/perl/lib -I C:/altera/16.0/quartus/sopc_builder/bin/europa -I C:/altera/16.0/quartus/sopc_builder/bin/perl_lib -I C:/altera/16.0/quartus/sopc_builder/bin -I C:/altera/16.0/quartus/../ip/altera/sopc_builder_ip/common -I C:/altera/16.0/quartus/../ip/altera/sopc_builder_ip/altera_avalon_pio -- C:/altera/16.0/quartus/../ip/altera/sopc_builder_ip/altera_avalon_pio/generate_rtl.pl --name=soc_system_button_pio --dir=C:/Users/Urban/AppData/Local/Temp/alt6980_6672632666327002895.dir/0057_button_pio_gen/ --quartus_dir=C:/altera/16.0/quartus --verilog --config=C:/Users/Urban/AppData/Local/Temp/alt6980_6672632666327002895.dir/0057_button_pio_gen/
Info: 2016.06.28.11:07:28 Info: button_pio: Done RTL generation for module 'soc_system_button_pio'
Info: 2016.06.28.11:07:28 Info: button_pio: "soc_system" instantiated altera_avalon_pio "button_pio"
Info: 2016.06.28.11:07:28 Info: dipsw_pio: Starting RTL generation for module 'soc_system_dipsw_pio'
Info: 2016.06.28.11:07:28 Info: dipsw_pio:   Generation command is [exec C:/altera/16.0/quartus/bin64/perl/bin/perl.exe -I C:/altera/16.0/quartus/bin64/perl/lib -I C:/altera/16.0/quartus/sopc_builder/bin/europa -I C:/altera/16.0/quartus/sopc_builder/bin/perl_lib -I C:/altera/16.0/quartus/sopc_builder/bin -I C:/altera/16.0/quartus/../ip/altera/sopc_builder_ip/common -I C:/altera/16.0/quartus/../ip/altera/sopc_builder_ip/altera_avalon_pio -- C:/altera/16.0/quartus/../ip/altera/sopc_builder_ip/altera_avalon_pio/generate_rtl.pl --name=soc_system_dipsw_pio --dir=C:/Users/Urban/AppData/Local/Temp/alt6980_6672632666327002895.dir/0058_dipsw_pio_gen/ --quartus_dir=C:/altera/16.0/quartus --verilog --config=C:/Users/Urban/AppData/Local/Temp/alt6980_6672632666327002895.dir/0058_dipsw_pio_gen/
Info: 2016.06.28.11:07:29 Info: dipsw_pio: Done RTL generation for module 'soc_system_dipsw_pio'
Info: 2016.06.28.11:07:29 Info: dipsw_pio: "soc_system" instantiated altera_avalon_pio "dipsw_pio"
Info: 2016.06.28.11:07:29 Info: fpga_only_master: "soc_system" instantiated altera_jtag_avalon_master "fpga_only_master"
Info: 2016.06.28.11:07:29 Info: hps_0: "Running  for module: hps_0"
Info: 2016.06.28.11:07:30 Info: hps_0: HPS Main PLL counter settings: n = 0  m = 73
Info: 2016.06.28.11:07:30 Info: hps_0: HPS peripherial PLL counter settings: n = 0  m = 39
Warning: 2016.06.28.11:07:30 Warning: hps_0: 1 or more output clock frequencies cannot be achieved precisely, consider revising desired output clock frequencies.
Info: 2016.06.28.11:07:31 Info: hps_0: "soc_system" instantiated altera_hps "hps_0"
Info: 2016.06.28.11:07:31 Info: intr_capturer_0: "soc_system" instantiated intr_capturer "intr_capturer_0"
Info: 2016.06.28.11:07:31 Info: jtag_uart: Starting RTL generation for module 'soc_system_jtag_uart'
Info: 2016.06.28.11:07:31 Info: jtag_uart:   Generation command is [exec C:/altera/16.0/quartus/bin64/perl/bin/perl.exe -I C:/altera/16.0/quartus/bin64/perl/lib -I C:/altera/16.0/quartus/sopc_builder/bin/europa -I C:/altera/16.0/quartus/sopc_builder/bin/perl_lib -I C:/altera/16.0/quartus/sopc_builder/bin -I C:/altera/16.0/quartus/../ip/altera/sopc_builder_ip/common -I C:/altera/16.0/quartus/../ip/altera/sopc_builder_ip/altera_avalon_jtag_uart -- C:/altera/16.0/quartus/../ip/altera/sopc_builder_ip/altera_avalon_jtag_uart/generate_rtl.pl --name=soc_system_jtag_uart --dir=C:/Users/Urban/AppData/Local/Temp/alt6980_6672632666327002895.dir/0060_jtag_uart_gen/ --quartus_dir=C:/altera/16.0/quartus --verilog --config=C:/Users/Urban/AppData/Local/Temp/alt6980_6672632666327002895.dir/0060_jtag_uart_gen/
Info: 2016.06.28.11:07:32 Info: jtag_uart: Done RTL generation for module 'soc_system_jtag_uart'
Info: 2016.06.28.11:07:32 Info: jtag_uart: "soc_system" instantiated altera_avalon_jtag_uart "jtag_uart"
Info: 2016.06.28.11:07:32 Info: led_pio: Starting RTL generation for module 'soc_system_led_pio'
Info: 2016.06.28.11:07:32 Info: led_pio:   Generation command is [exec C:/altera/16.0/quartus/bin64/perl/bin/perl.exe -I C:/altera/16.0/quartus/bin64/perl/lib -I C:/altera/16.0/quartus/sopc_builder/bin/europa -I C:/altera/16.0/quartus/sopc_builder/bin/perl_lib -I C:/altera/16.0/quartus/sopc_builder/bin -I C:/altera/16.0/quartus/../ip/altera/sopc_builder_ip/common -I C:/altera/16.0/quartus/../ip/altera/sopc_builder_ip/altera_avalon_pio -- C:/altera/16.0/quartus/../ip/altera/sopc_builder_ip/altera_avalon_pio/generate_rtl.pl --name=soc_system_led_pio --dir=C:/Users/Urban/AppData/Local/Temp/alt6980_6672632666327002895.dir/0061_led_pio_gen/ --quartus_dir=C:/altera/16.0/quartus --verilog --config=C:/Users/Urban/AppData/Local/Temp/alt6980_6672632666327002895.dir/0061_led_pio_gen/
Info: 2016.06.28.11:07:32 Info: led_pio: Done RTL generation for module 'soc_system_led_pio'
Info: 2016.06.28.11:07:32 Info: led_pio: "soc_system" instantiated altera_avalon_pio "led_pio"
Info: 2016.06.28.11:07:32 Info: onchip_memory2_0: Starting RTL generation for module 'soc_system_onchip_memory2_0'
Info: 2016.06.28.11:07:32 Info: onchip_memory2_0:   Generation command is [exec C:/altera/16.0/quartus/bin64/perl/bin/perl.exe -I C:/altera/16.0/quartus/bin64/perl/lib -I C:/altera/16.0/quartus/sopc_builder/bin/europa -I C:/altera/16.0/quartus/sopc_builder/bin/perl_lib -I C:/altera/16.0/quartus/sopc_builder/bin -I C:/altera/16.0/quartus/../ip/altera/sopc_builder_ip/common -I C:/altera/16.0/quartus/../ip/altera/sopc_builder_ip/altera_avalon_onchip_memory2 -- C:/altera/16.0/quartus/../ip/altera/sopc_builder_ip/altera_avalon_onchip_memory2/generate_rtl.pl --name=soc_system_onchip_memory2_0 --dir=C:/Users/Urban/AppData/Local/Temp/alt6980_6672632666327002895.dir/0062_onchip_memory2_0_gen/ --quartus_dir=C:/altera/16.0/quartus --verilog --config=C:/Users/Urban/AppData/Local/Temp/alt6980_6672632666327002895.dir/0062_onchip_memory2_0_gen/
Info: 2016.06.28.11:07:33 Info: onchip_memory2_0: Done RTL generation for module 'soc_system_onchip_memory2_0'
Info: 2016.06.28.11:07:33 Info: onchip_memory2_0: "soc_system" instantiated altera_avalon_onchip_memory2 "onchip_memory2_0"
Info: 2016.06.28.11:07:33 Info: sysid_qsys: "soc_system" instantiated altera_avalon_sysid_qsys "sysid_qsys"
Info: 2016.06.28.11:07:34 Info: avalon_st_adapter: Inserting error_adapter: error_adapter_0
Info: 2016.06.28.11:07:34 Info: avalon_st_adapter_001: Inserting error_adapter: error_adapter_0
Info: 2016.06.28.11:07:34 Info: avalon_st_adapter_002: Inserting error_adapter: error_adapter_0
Info: 2016.06.28.11:07:34 Info: avalon_st_adapter_003: Inserting error_adapter: error_adapter_0
Info: 2016.06.28.11:07:34 Info: avalon_st_adapter_004: Inserting error_adapter: error_adapter_0
Info: 2016.06.28.11:07:34 Info: avalon_st_adapter_005: Inserting error_adapter: error_adapter_0
Info: 2016.06.28.11:07:34 Info: avalon_st_adapter_006: Inserting error_adapter: error_adapter_0
Info: 2016.06.28.11:07:35 Info: mm_interconnect_0: "soc_system" instantiated altera_mm_interconnect "mm_interconnect_0"
Info: 2016.06.28.11:07:35 Info: mm_interconnect_1: "soc_system" instantiated altera_mm_interconnect "mm_interconnect_1"
Info: 2016.06.28.11:07:35 Info: irq_mapper: "soc_system" instantiated altera_irq_mapper "irq_mapper"
Info: 2016.06.28.11:07:35 Info: irq_mapper_001: "soc_system" instantiated altera_irq_mapper "irq_mapper_001"
Info: 2016.06.28.11:07:35 Info: rst_controller: "soc_system" instantiated altera_reset_controller "rst_controller"
Info: 2016.06.28.11:07:35 Info: jtag_phy_embedded_in_jtag_master: "fpga_only_master" instantiated altera_jtag_dc_streaming "jtag_phy_embedded_in_jtag_master"
Info: 2016.06.28.11:07:35 Info: timing_adt: "fpga_only_master" instantiated timing_adapter "timing_adt"
Info: 2016.06.28.11:07:35 Info: fifo: "fpga_only_master" instantiated altera_avalon_sc_fifo "fifo"
Info: 2016.06.28.11:07:35 Info: b2p: "fpga_only_master" instantiated altera_avalon_st_bytes_to_packets "b2p"
Info: 2016.06.28.11:07:35 Info: p2b: "fpga_only_master" instantiated altera_avalon_st_packets_to_bytes "p2b"
Info: 2016.06.28.11:07:35 Info: transacto: "fpga_only_master" instantiated altera_avalon_packets_to_master "transacto"
Info: 2016.06.28.11:07:35 Info: b2p_adapter: "fpga_only_master" instantiated channel_adapter "b2p_adapter"
Info: 2016.06.28.11:07:35 Info: p2b_adapter: "fpga_only_master" instantiated channel_adapter "p2b_adapter"
Info: 2016.06.28.11:07:35 Info: fpga_interfaces: "hps_0" instantiated altera_interface_generator "fpga_interfaces"
Info: 2016.06.28.11:07:36 Info: hps_io: "hps_0" instantiated altera_hps_io "hps_io"
Info: 2016.06.28.11:07:36 Info: fpga_only_master_master_translator: "mm_interconnect_0" instantiated altera_merlin_master_translator "fpga_only_master_master_translator"
Info: 2016.06.28.11:07:36 Info: onchip_memory2_0_s1_translator: "mm_interconnect_0" instantiated altera_merlin_slave_translator "onchip_memory2_0_s1_translator"
Info: 2016.06.28.11:07:36 Info: hps_0_h2f_axi_master_agent: "mm_interconnect_0" instantiated altera_merlin_axi_master_ni "hps_0_h2f_axi_master_agent"
Info: 2016.06.28.11:07:36 Info: fpga_only_master_master_agent: "mm_interconnect_0" instantiated altera_merlin_master_agent "fpga_only_master_master_agent"
Info: 2016.06.28.11:07:36 Info: onchip_memory2_0_s1_agent: "mm_interconnect_0" instantiated altera_merlin_slave_agent "onchip_memory2_0_s1_agent"
Info: 2016.06.28.11:07:36 Info: router: "mm_interconnect_0" instantiated altera_merlin_router "router"
Info: 2016.06.28.11:07:36 Info: router_002: "mm_interconnect_0" instantiated altera_merlin_router "router_002"
Info: 2016.06.28.11:07:36 Info: router_003: "mm_interconnect_0" instantiated altera_merlin_router "router_003"
Info: 2016.06.28.11:07:36 Info: router_005: "mm_interconnect_0" instantiated altera_merlin_router "router_005"
Info: 2016.06.28.11:07:36 Info: router_006: "mm_interconnect_0" instantiated altera_merlin_router "router_006"
Info: 2016.06.28.11:07:36 Info: router_007: "mm_interconnect_0" instantiated altera_merlin_router "router_007"
Info: 2016.06.28.11:07:36 Info: fpga_only_master_master_limiter: "mm_interconnect_0" instantiated altera_merlin_traffic_limiter "fpga_only_master_master_limiter"
Info: 2016.06.28.11:07:36 Info: Reusing file H:/Masterarbeit/work/quartus/soc_system/synthesis/submodules
Info: 2016.06.28.11:07:36 Info: Reusing file H:/Masterarbeit/work/quartus/soc_system/synthesis/submodules
Info: 2016.06.28.11:07:36 Info: onchip_memory2_0_s1_burst_adapter: "mm_interconnect_0" instantiated altera_merlin_burst_adapter "onchip_memory2_0_s1_burst_adapter"
Info: 2016.06.28.11:07:36 Info: Reusing file H:/Masterarbeit/work/quartus/soc_system/synthesis/submodules
Info: 2016.06.28.11:07:36 Info: Reusing file H:/Masterarbeit/work/quartus/soc_system/synthesis/submodules
Info: 2016.06.28.11:07:36 Info: Reusing file H:/Masterarbeit/work/quartus/soc_system/synthesis/submodules
Info: 2016.06.28.11:07:36 Info: cmd_demux: "mm_interconnect_0" instantiated altera_merlin_demultiplexer "cmd_demux"
Info: 2016.06.28.11:07:36 Info: cmd_demux_002: "mm_interconnect_0" instantiated altera_merlin_demultiplexer "cmd_demux_002"
Info: 2016.06.28.11:07:36 Info: cmd_demux_003: "mm_interconnect_0" instantiated altera_merlin_demultiplexer "cmd_demux_003"
Info: 2016.06.28.11:07:36 Info: cmd_mux: "mm_interconnect_0" instantiated altera_merlin_multiplexer "cmd_mux"
Info: 2016.06.28.11:07:36 Info: cmd_mux_001: "mm_interconnect_0" instantiated altera_merlin_multiplexer "cmd_mux_001"
Info: 2016.06.28.11:07:36 Info: Reusing file H:/Masterarbeit/work/quartus/soc_system/synthesis/submodules
Info: 2016.06.28.11:07:36 Info: cmd_mux_002: "mm_interconnect_0" instantiated altera_merlin_multiplexer "cmd_mux_002"
Info: 2016.06.28.11:07:36 Info: Reusing file H:/Masterarbeit/work/quartus/soc_system/synthesis/submodules
Info: 2016.06.28.11:07:36 Info: rsp_demux: "mm_interconnect_0" instantiated altera_merlin_demultiplexer "rsp_demux"
Info: 2016.06.28.11:07:36 Info: rsp_demux_001: "mm_interconnect_0" instantiated altera_merlin_demultiplexer "rsp_demux_001"
Info: 2016.06.28.11:07:36 Info: rsp_demux_002: "mm_interconnect_0" instantiated altera_merlin_demultiplexer "rsp_demux_002"
Info: 2016.06.28.11:07:36 Info: rsp_mux: "mm_interconnect_0" instantiated altera_merlin_multiplexer "rsp_mux"
Info: 2016.06.28.11:07:36 Info: Reusing file H:/Masterarbeit/work/quartus/soc_system/synthesis/submodules
Info: 2016.06.28.11:07:36 Info: rsp_mux_002: "mm_interconnect_0" instantiated altera_merlin_multiplexer "rsp_mux_002"
Info: 2016.06.28.11:07:36 Info: Reusing file H:/Masterarbeit/work/quartus/soc_system/synthesis/submodules
Info: 2016.06.28.11:07:36 Info: rsp_mux_003: "mm_interconnect_0" instantiated altera_merlin_multiplexer "rsp_mux_003"
Info: 2016.06.28.11:07:36 Info: Reusing file H:/Masterarbeit/work/quartus/soc_system/synthesis/submodules
Info: 2016.06.28.11:07:36 Info: fpga_only_master_master_to_onchip_memory2_0_s1_cmd_width_adapter: "mm_interconnect_0" instantiated altera_merlin_width_adapter "fpga_only_master_master_to_onchip_memory2_0_s1_cmd_width_adapter"
Info: 2016.06.28.11:07:36 Info: Reusing file H:/Masterarbeit/work/quartus/soc_system/synthesis/submodules
Info: 2016.06.28.11:07:36 Info: Reusing file H:/Masterarbeit/work/quartus/soc_system/synthesis/submodules
Info: 2016.06.28.11:07:36 Info: avalon_st_adapter: "mm_interconnect_0" instantiated altera_avalon_st_adapter "avalon_st_adapter"
Info: 2016.06.28.11:07:36 Info: avalon_st_adapter_001: "mm_interconnect_0" instantiated altera_avalon_st_adapter "avalon_st_adapter_001"
Info: 2016.06.28.11:07:36 Info: hps_0_f2h_axi_slave_agent: "mm_interconnect_1" instantiated altera_merlin_axi_slave_ni "hps_0_f2h_axi_slave_agent"
Info: 2016.06.28.11:07:36 Info: Reusing file H:/Masterarbeit/work/quartus/soc_system/synthesis/submodules
Info: 2016.06.28.11:07:36 Info: Reusing file H:/Masterarbeit/work/quartus/soc_system/synthesis/submodules
Info: 2016.06.28.11:07:36 Info: Reusing file H:/Masterarbeit/work/quartus/soc_system/synthesis/submodules
Info: 2016.06.28.11:07:36 Info: router: "mm_interconnect_1" instantiated altera_merlin_router "router"
Info: 2016.06.28.11:07:36 Info: router_001: "mm_interconnect_1" instantiated altera_merlin_router "router_001"
Info: 2016.06.28.11:07:36 Info: cmd_demux: "mm_interconnect_1" instantiated altera_merlin_demultiplexer "cmd_demux"
Info: 2016.06.28.11:07:36 Info: cmd_mux: "mm_interconnect_1" instantiated altera_merlin_multiplexer "cmd_mux"
Info: 2016.06.28.11:07:36 Info: Reusing file H:/Masterarbeit/work/quartus/soc_system/synthesis/submodules
Info: 2016.06.28.11:07:36 Info: rsp_demux: "mm_interconnect_1" instantiated altera_merlin_demultiplexer "rsp_demux"
Info: 2016.06.28.11:07:36 Info: rsp_mux: "mm_interconnect_1" instantiated altera_merlin_multiplexer "rsp_mux"
Info: 2016.06.28.11:07:36 Info: Reusing file H:/Masterarbeit/work/quartus/soc_system/synthesis/submodules
Info: 2016.06.28.11:08:05 Info: border: "hps_io" instantiated altera_interface_generator "border"
Info: 2016.06.28.11:08:05 Info: error_adapter_0: "avalon_st_adapter" instantiated error_adapter "error_adapter_0"
Info: 2016.06.28.11:08:05 Info: error_adapter_0: "avalon_st_adapter_001" instantiated error_adapter "error_adapter_0"
Info: 2016.06.28.11:08:05 Info: soc_system: Done "soc_system" with 63 modules, 129 files
Info: 2016.06.28.11:08:07 Info: qsys-generate succeeded.
Info: 2016.06.28.11:08:07 Info: Finished: Create HDL design files for synthesis
Info (11131): Completed upgrading IP component In-System Sources and Probes with file "ip/altsource_probe/hps_reset.v"
Info (11131): Completed upgrading IP component Qsys with file "soc_system.qsys"
Info (23030): Evaluation of Tcl script c:/altera/16.0/quartus/common/tcl/internal/ip_regen/ip_regen.tcl was successful
Info: Quartus Prime Shell was successful. 0 errors, 18 warnings
    Info: Peak virtual memory: 989 megabytes
    Info: Processing ended: Tue Jun 28 11:08:26 2016
    Info: Elapsed time: 00:03:31
    Info: Total CPU time (on all processors): 00:05:58


