Flow report for soc_system
Tue Jul 19 15:22:55 2016
Quartus Prime Version 16.0.1 Build 218 06/01/2016 SJ Standard Edition


---------------------
; Table of Contents ;
---------------------
  1. Legal Notice
  2. Flow Summary
  3. Flow Settings
  4. Flow Non-Default Global Settings
  5. Flow Elapsed Time
  6. Flow OS Summary
  7. Flow Log
  8. Flow Messages
  9. Flow Suppressed Messages



----------------
; Legal Notice ;
----------------
Copyright (C) 1991-2016 Altera Corporation. All rights reserved.
Your use of Altera Corporation's design tools, logic functions 
and other software and tools, and its AMPP partner logic 
functions, and any output files from any of the foregoing 
(including device programming or simulation files), and any 
associated documentation or information are expressly subject 
to the terms and conditions of the Altera Program License 
Subscription Agreement, the Altera Quartus Prime License Agreement,
the Altera MegaCore Function License Agreement, or other 
applicable license agreement, including, without limitation, 
that your use is for the sole purpose of programming logic 
devices manufactured by Altera and sold by Altera or its 
authorized distributors.  Please refer to the applicable 
agreement for further details.



+-----------------------------------------------------------------------------------+
; Flow Summary                                                                      ;
+---------------------------------+-------------------------------------------------+
; Flow Status                     ; Successful - Tue Jul 19 15:21:16 2016           ;
; Quartus Prime Version           ; 16.0.1 Build 218 06/01/2016 SJ Standard Edition ;
; Revision Name                   ; soc_system                                      ;
; Top-level Entity Name           ; toplevel_hps_speedy                             ;
; Family                          ; Cyclone V                                       ;
; Device                          ; 5CSEMA4U23C6                                    ;
; Timing Models                   ; Final                                           ;
; Logic utilization (in ALMs)     ; 5,224 / 15,880 ( 33 % )                         ;
; Total registers                 ; 6767                                            ;
; Total pins                      ; 152 / 314 ( 48 % )                              ;
; Total virtual pins              ; 0                                               ;
; Total block memory bits         ; 555,008 / 2,764,800 ( 20 % )                    ;
; Total DSP Blocks                ; 13 / 84 ( 15 % )                                ;
; Total HSSI RX PCSs              ; 0                                               ;
; Total HSSI PMA RX Deserializers ; 0                                               ;
; Total HSSI TX PCSs              ; 0                                               ;
; Total HSSI PMA TX Serializers   ; 0                                               ;
; Total PLLs                      ; 0 / 5 ( 0 % )                                   ;
; Total DLLs                      ; 1 / 4 ( 25 % )                                  ;
+---------------------------------+-------------------------------------------------+


+-----------------------------------------+
; Flow Settings                           ;
+-------------------+---------------------+
; Option            ; Setting             ;
+-------------------+---------------------+
; Start date & time ; 07/19/2016 15:07:57 ;
; Main task         ; Compilation         ;
; Revision Name     ; soc_system          ;
+-------------------+---------------------+


+--------------------------------------------------------------------------------------------------------------------------------------------------------------------------------+
; Flow Non-Default Global Settings                                                                                                                                               ;
+---------------------------------------+--------------------------------------------------------------------------+---------------+--------------------------------+------------+
; Assignment Name                       ; Value                                                                    ; Default Value ; Entity Name                    ; Section Id ;
+---------------------------------------+--------------------------------------------------------------------------+---------------+--------------------------------+------------+
; COMPILER_SIGNATURE_ID                 ; 345052807169.146893366808932                                             ; --            ; --                             ; --         ;
; ECO_REGENERATE_REPORT                 ; On                                                                       ; Off           ; --                             ; --         ;
; ENABLE_SIGNALTAP                      ; Off                                                                      ; --            ; --                             ; --         ;
; HPS_ISW_FILE                          ; soc_system/synthesis/submodules/sequencer/alt_types.pre.h                ; --            ; soc_system_hps_0_hps_io_border ; --         ;
; HPS_ISW_FILE                          ; soc_system/synthesis/submodules/sequencer/emif.pre.xml                   ; --            ; soc_system_hps_0_hps_io_border ; --         ;
; HPS_ISW_FILE                          ; soc_system/synthesis/submodules/sequencer/sdram_io.pre.h                 ; --            ; soc_system_hps_0_hps_io_border ; --         ;
; HPS_ISW_FILE                          ; soc_system/synthesis/submodules/sequencer/sequencer.pre.c                ; --            ; soc_system_hps_0_hps_io_border ; --         ;
; HPS_ISW_FILE                          ; soc_system/synthesis/submodules/sequencer/sequencer.pre.h                ; --            ; soc_system_hps_0_hps_io_border ; --         ;
; HPS_ISW_FILE                          ; soc_system/synthesis/submodules/sequencer/sequencer_auto.pre.h           ; --            ; soc_system_hps_0_hps_io_border ; --         ;
; HPS_ISW_FILE                          ; soc_system/synthesis/submodules/sequencer/sequencer_auto_ac_init.pre.c   ; --            ; soc_system_hps_0_hps_io_border ; --         ;
; HPS_ISW_FILE                          ; soc_system/synthesis/submodules/sequencer/sequencer_auto_inst_init.pre.c ; --            ; soc_system_hps_0_hps_io_border ; --         ;
; HPS_ISW_FILE                          ; soc_system/synthesis/submodules/sequencer/sequencer_defines.pre.h        ; --            ; soc_system_hps_0_hps_io_border ; --         ;
; HPS_ISW_FILE                          ; soc_system/synthesis/submodules/sequencer/system.pre.h                   ; --            ; soc_system_hps_0_hps_io_border ; --         ;
; HPS_ISW_FILE                          ; soc_system/synthesis/submodules/sequencer/tclrpt.pre.c                   ; --            ; soc_system_hps_0_hps_io_border ; --         ;
; HPS_ISW_FILE                          ; soc_system/synthesis/submodules/sequencer/tclrpt.pre.h                   ; --            ; soc_system_hps_0_hps_io_border ; --         ;
; HPS_ISW_FILE                          ; soc_system/synthesis/submodules/hps.pre.xml                              ; --            ; soc_system_hps_0_hps_io_border ; --         ;
; HPS_PARTITION                         ; On                                                                       ; --            ; soc_system_hps_0_hps_io_border ; --         ;
; IOBANK_VCCIO                          ; 3.3V                                                                     ; --            ; --                             ; 4A         ;
; MAX_CORE_JUNCTION_TEMP                ; 85                                                                       ; --            ; --                             ; --         ;
; MIN_CORE_JUNCTION_TEMP                ; 0                                                                        ; --            ; --                             ; --         ;
; MISC_FILE                             ; ip/altsource_probe/hps_reset_bb.v                                        ; --            ; --                             ; --         ;
; MISC_FILE                             ; soc_system/synthesis/../soc_system.cmp                                   ; --            ; --                             ; --         ;
; MISC_FILE                             ; soc_system/synthesis/../../H                                             ; --            ; --                             ; --         ;
; MISC_FILE                             ; soc_system/synthesis/soc_system_hps_0_hps.svd                            ; --            ; --                             ; --         ;
; MISC_FILE                             ; soc_system/synthesis/../../soc_system.qsys                               ; --            ; --                             ; --         ;
; MISC_FILE                             ; soc_system/synthesis/submodules/sequencer/alt_types.pre.h                ; --            ; --                             ; --         ;
; MISC_FILE                             ; soc_system/synthesis/submodules/sequencer/emif.pre.xml                   ; --            ; --                             ; --         ;
; MISC_FILE                             ; soc_system/synthesis/submodules/sequencer/sdram_io.pre.h                 ; --            ; --                             ; --         ;
; MISC_FILE                             ; soc_system/synthesis/submodules/sequencer/sequencer.pre.c                ; --            ; --                             ; --         ;
; MISC_FILE                             ; soc_system/synthesis/submodules/sequencer/sequencer.pre.h                ; --            ; --                             ; --         ;
; MISC_FILE                             ; soc_system/synthesis/submodules/sequencer/sequencer_auto.pre.h           ; --            ; --                             ; --         ;
; MISC_FILE                             ; soc_system/synthesis/submodules/sequencer/sequencer_auto_ac_init.pre.c   ; --            ; --                             ; --         ;
; MISC_FILE                             ; soc_system/synthesis/submodules/sequencer/sequencer_auto_inst_init.pre.c ; --            ; --                             ; --         ;
; MISC_FILE                             ; soc_system/synthesis/submodules/sequencer/sequencer_defines.pre.h        ; --            ; --                             ; --         ;
; MISC_FILE                             ; soc_system/synthesis/submodules/sequencer/system.pre.h                   ; --            ; --                             ; --         ;
; MISC_FILE                             ; soc_system/synthesis/submodules/sequencer/tclrpt.pre.c                   ; --            ; --                             ; --         ;
; MISC_FILE                             ; soc_system/synthesis/submodules/sequencer/tclrpt.pre.h                   ; --            ; --                             ; --         ;
; MISC_FILE                             ; soc_system/synthesis/submodules/hps.pre.xml                              ; --            ; --                             ; --         ;
; MISC_FILE                             ; ip/alt_io_buf/alt_io_buf.cmp                                             ; --            ; --                             ; --         ;
; PARTITION_COLOR                       ; 16764057                                                                 ; --            ; toplevel_hps_speedy            ; Top        ;
; PARTITION_FITTER_PRESERVATION_LEVEL   ; PLACEMENT_AND_ROUTING                                                    ; --            ; toplevel_hps_speedy            ; Top        ;
; PARTITION_NETLIST_TYPE                ; SOURCE                                                                   ; --            ; toplevel_hps_speedy            ; Top        ;
; POWER_BOARD_THERMAL_MODEL             ; None (CONSERVATIVE)                                                      ; --            ; --                             ; --         ;
; POWER_PRESET_COOLING_SOLUTION         ; 23 MM HEAT SINK WITH 200 LFPM AIRFLOW                                    ; --            ; --                             ; --         ;
; SLD_FILE                              ; soc_system/synthesis/soc_system.regmap                                   ; --            ; --                             ; --         ;
; SLD_FILE                              ; soc_system/synthesis/soc_system.debuginfo                                ; --            ; --                             ; --         ;
; SLD_INFO                              ; QSYS_NAME soc_system HAS_SOPCINFO 1 GENERATION_ID 1468933369             ; --            ; --                             ; --         ;
; SOPCINFO_FILE                         ; soc_system/synthesis/../../soc_system.sopcinfo                           ; --            ; --                             ; --         ;
; SYNTHESIS_ONLY_QIP                    ; On                                                                       ; --            ; --                             ; --         ;
; TOP_LEVEL_ENTITY                      ; toplevel_hps_speedy                                                      ; soc_system    ; --                             ; --         ;
; USE_DLL_FREQUENCY_FOR_DQS_DELAY_CHAIN ; On                                                                       ; Off           ; --                             ; --         ;
; USE_SIGNALTAP_FILE                    ; stp1.stp                                                                 ; --            ; --                             ; --         ;
+---------------------------------------+--------------------------------------------------------------------------+---------------+--------------------------------+------------+


+-------------------------------------------------------------------------------------------------------------------------------+
; Flow Elapsed Time                                                                                                             ;
+---------------------------+--------------+-------------------------+---------------------+------------------------------------+
; Module Name               ; Elapsed Time ; Average Processors Used ; Peak Virtual Memory ; Total CPU Time (on all processors) ;
+---------------------------+--------------+-------------------------+---------------------+------------------------------------+
; Analysis & Synthesis      ; 00:02:46     ; 2.6                     ; 1458 MB             ; 00:06:20                           ;
; Fitter                    ; 00:06:47     ; 1.3                     ; 3942 MB             ; 00:20:31                           ;
; Assembler                 ; 00:00:25     ; 1.0                     ; 1050 MB             ; 00:00:21                           ;
; TimeQuest Timing Analyzer ; 00:01:36     ; 2.2                     ; 1870 MB             ; 00:02:39                           ;
; Total                     ; 00:11:34     ; --                      ; --                  ; 00:29:51                           ;
+---------------------------+--------------+-------------------------+---------------------+------------------------------------+


+----------------------------------------------------------------------------------------+
; Flow OS Summary                                                                        ;
+---------------------------+------------------+-----------+------------+----------------+
; Module Name               ; Machine Hostname ; OS Name   ; OS Version ; Processor type ;
+---------------------------+------------------+-----------+------------+----------------+
; Analysis & Synthesis      ; W4D35131         ; Windows 8 ; 6.2        ; x86_64         ;
; Fitter                    ; W4D35131         ; Windows 8 ; 6.2        ; x86_64         ;
; Assembler                 ; W4D35131         ; Windows 8 ; 6.2        ; x86_64         ;
; TimeQuest Timing Analyzer ; W4D35131         ; Windows 8 ; 6.2        ; x86_64         ;
+---------------------------+------------------+-----------+------------+----------------+


------------
; Flow Log ;
------------
quartus_map --read_settings_files=on --write_settings_files=off soc_system -c soc_system
quartus_fit --read_settings_files=off --write_settings_files=off soc_system -c soc_system
quartus_asm --read_settings_files=off --write_settings_files=off soc_system -c soc_system
quartus_sta soc_system -c soc_system



